[.venv] grymmjack@funkunit:~/git/qb64-dashdoc 
$  cd /home/grymmjack/git/qb64-dashdoc ; /usr/bin/env /home/grymmjack/git/qb64-dashdoc/.venv/bin/python /home/grymmjack/.vscode/extensions/ms-python.debugpy-2024.8.0-linux-x64/bundled/libs/debugpy/adapter/../../debugpy/launcher 52309 -- /home/grymmjack/git/qb64-dashdoc/mw-to-md.py 
Processed and saved: markdown_files/$CHECKING.md
Processed and saved: markdown_files/$ERROR.md
Processed and saved: markdown_files/$CONSOLE.md
Processed and saved: markdown_files/ONLY.md
Processed and saved: markdown_files/$DYNAMIC.md
Processed and saved: markdown_files/$ELSE.md
Processed and saved: markdown_files/$ELSEIF.md
Error fetching https://qb64phoenix.com/qb64wiki/index.php/$END: 404 Client Error: Not Found for url: https://qb64phoenix.com/qb64wiki/index.php/$END
Error fetching https://qb64phoenix.com/qb64wiki/index.php/$ENDIF: 404 Client Error: Not Found for url: https://qb64phoenix.com/qb64wiki/index.php/$ENDIF
Processed and saved: markdown_files/$EXEICON.md
Processed and saved: markdown_files/$IF.md
Processed and saved: markdown_files/$INCLUDE.md
Processed and saved: markdown_files/$LET.md
Processed and saved: markdown_files/$RESIZE.md
Processed and saved: markdown_files/$SCREENHIDE.md
Processed and saved: markdown_files/$SCREENSHOW.md
Processed and saved: markdown_files/$STATIC.md
Processed and saved: markdown_files/$VERSIONINFO.md
Processed and saved: markdown_files/$VIRTUALKEYBOARD.md
Processed and saved: markdown_files/ABS.md
Processed and saved: markdown_files/ABSOLUTE.md
Processed and saved: markdown_files/ACCESS.md
Processed and saved: markdown_files/ALIAS.md
Processed and saved: markdown_files/AND.md
Processed and saved: markdown_files/APPEND.md
Processed and saved: markdown_files/AS.md
Processed and saved: markdown_files/ASC.md
Processed and saved: markdown_files/ATN.md
Processed and saved: markdown_files/BASE.md
Processed and saved: markdown_files/BEEP.md
Processed and saved: markdown_files/BINARY.md
Processed and saved: markdown_files/BLOAD.md
Processed and saved: markdown_files/BSAVE.md
Processed and saved: markdown_files/BYVAL.md
Processed and saved: markdown_files/CALL.md
Error fetching https://qb64phoenix.com/qb64wiki/index.php/CALLS: 404 Client Error: Not Found for url: https://qb64phoenix.com/qb64wiki/index.php/CALLS
Processed and saved: markdown_files/CASE.md
Processed and saved: markdown_files/IS.md
Processed and saved: markdown_files/CDBL.md
Error fetching https://qb64phoenix.com/qb64wiki/index.php/CDECL: 404 Client Error: Not Found for url: https://qb64phoenix.com/qb64wiki/index.php/CDECL
Processed and saved: markdown_files/CHAIN.md
Processed and saved: markdown_files/CHDIR.md
Processed and saved: markdown_files/CHR$.md
Processed and saved: markdown_files/CINT.md
Processed and saved: markdown_files/CIRCLE.md
Processed and saved: markdown_files/CLEAR.md
Processed and saved: markdown_files/CLNG.md
Processed and saved: markdown_files/CLOSE.md
Processed and saved: markdown_files/CLS.md
Processed and saved: markdown_files/COLOR.md
Error fetching https://qb64phoenix.com/qb64wiki/index.php/COM: 404 Client Error: Not Found for url: https://qb64phoenix.com/qb64wiki/index.php/COM
Processed and saved: markdown_files/COMMAND$.md
Processed and saved: markdown_files/COMMON.md
Processed and saved: markdown_files/CONST.md
Processed and saved: markdown_files/COS.md
Processed and saved: markdown_files/CSNG.md
Processed and saved: markdown_files/CSRLIN.md
Processed and saved: markdown_files/CUSTOMTYPE.md
Processed and saved: markdown_files/CVD.md
Processed and saved: markdown_files/CVDMBF.md
Processed and saved: markdown_files/CVI.md
Processed and saved: markdown_files/CVL.md
Processed and saved: markdown_files/CVS.md
Processed and saved: markdown_files/CVSMBF.md
Processed and saved: markdown_files/DATA.md
Processed and saved: markdown_files/DATE$.md
Processed and saved: markdown_files/DECLARE.md
Processed and saved: markdown_files/DEF.md
Processed and saved: markdown_files/DEFDBL.md
Processed and saved: markdown_files/DEFINT.md
Processed and saved: markdown_files/DEFLNG.md
Processed and saved: markdown_files/DEFSNG.md
Processed and saved: markdown_files/DEFSTR.md
Processed and saved: markdown_files/DIM.md
Processed and saved: markdown_files/DO.md
Processed and saved: markdown_files/DOUBLE.md
Processed and saved: markdown_files/DRAW.md
Processed and saved: markdown_files/DYNAMIC.md
Processed and saved: markdown_files/ELSE.md
Processed and saved: markdown_files/ELSEIF.md
Processed and saved: markdown_files/END.md
Error fetching https://qb64phoenix.com/qb64wiki/index.php/ENDIF: 404 Client Error: Not Found for url: https://qb64phoenix.com/qb64wiki/index.php/ENDIF
Processed and saved: markdown_files/ENVIRON.md
Processed and saved: markdown_files/ENVIRON$.md
Processed and saved: markdown_files/EOF.md
Processed and saved: markdown_files/EQV.md
Processed and saved: markdown_files/ERASE.md
Error fetching https://qb64phoenix.com/qb64wiki/index.php/ERDEV: 404 Client Error: Not Found for url: https://qb64phoenix.com/qb64wiki/index.php/ERDEV
Error fetching https://qb64phoenix.com/qb64wiki/index.php/ERDEV$: 404 Client Error: Not Found for url: https://qb64phoenix.com/qb64wiki/index.php/ERDEV$
Processed and saved: markdown_files/ERL.md
Processed and saved: markdown_files/ERR.md
Processed and saved: markdown_files/ERROR.md
Processed and saved: markdown_files/EVERYCASE.md
Processed and saved: markdown_files/EXIT.md
Processed and saved: markdown_files/EXP.md
Processed and saved: markdown_files/FIELD.md
Error fetching https://qb64phoenix.com/qb64wiki/index.php/FILEATTR: 404 Client Error: Not Found for url: https://qb64phoenix.com/qb64wiki/index.php/FILEATTR
Processed and saved: markdown_files/FILES.md
Processed and saved: markdown_files/FIX.md
Error fetching https://qb64phoenix.com/qb64wiki/index.php/FN: 404 Client Error: Not Found for url: https://qb64phoenix.com/qb64wiki/index.php/FN
Processed and saved: markdown_files/FOR.md
Error fetching https://qb64phoenix.com/qb64wiki/index.php/FRE: 404 Client Error: Not Found for url: https://qb64phoenix.com/qb64wiki/index.php/FRE
Error fetching https://qb64phoenix.com/qb64wiki/index.php/FREE: 404 Client Error: Not Found for url: https://qb64phoenix.com/qb64wiki/index.php/FREE
Processed and saved: markdown_files/FREEFILE.md
Processed and saved: markdown_files/FUNCTION.md
Processed and saved: markdown_files/GET.md
Processed and saved: markdown_files/GOSUB.md
Processed and saved: markdown_files/GOTO.md
Processed and saved: markdown_files/HEX$.md
Processed and saved: markdown_files/IF.md
Processed and saved: markdown_files/IMP.md
Processed and saved: markdown_files/INKEY$.md
Processed and saved: markdown_files/INP.md
Processed and saved: markdown_files/INPUT.md
Processed and saved: markdown_files/INPUT$.md
Processed and saved: markdown_files/INSTR.md
Processed and saved: markdown_files/INT.md
Processed and saved: markdown_files/INTEGER.md
Processed and saved: markdown_files/INTERRUPT.md
Processed and saved: markdown_files/INTERRUPTX.md
Error fetching https://qb64phoenix.com/qb64wiki/index.php/IOCTL: 404 Client Error: Not Found for url: https://qb64phoenix.com/qb64wiki/index.php/IOCTL
Error fetching https://qb64phoenix.com/qb64wiki/index.php/IOCTL$: 404 Client Error: Not Found for url: https://qb64phoenix.com/qb64wiki/index.php/IOCTL$
Processed and saved: markdown_files/KEY.md
Processed and saved: markdown_files/KILL.md
Processed and saved: markdown_files/LBOUND.md
Processed and saved: markdown_files/LCASE$.md
Processed and saved: markdown_files/LEFT$.md
Processed and saved: markdown_files/LEN.md
Processed and saved: markdown_files/LET.md
Processed and saved: markdown_files/LIBRARY.md
Processed and saved: markdown_files/LINE.md
Processed and saved: markdown_files/LIST.md
Processed and saved: markdown_files/LOC.md
Processed and saved: markdown_files/LOCATE.md
Processed and saved: markdown_files/LOCK.md
Processed and saved: markdown_files/LOF.md
Processed and saved: markdown_files/LOG.md
Processed and saved: markdown_files/LONG.md
Processed and saved: markdown_files/LOOP.md
Processed and saved: markdown_files/LPOS.md
Processed and saved: markdown_files/LPRINT.md
Processed and saved: markdown_files/LSET.md
Processed and saved: markdown_files/LTRIM$.md
Processed and saved: markdown_files/MID$.md
Processed and saved: markdown_files/MKD$.md
Processed and saved: markdown_files/MKDIR.md
Processed and saved: markdown_files/MKDMBF$.md
Processed and saved: markdown_files/MKI$.md
Processed and saved: markdown_files/MKL$.md
Processed and saved: markdown_files/MKS$.md
Processed and saved: markdown_files/MKSMBF$.md
Processed and saved: markdown_files/MOD.md
Processed and saved: markdown_files/NAME.md
Processed and saved: markdown_files/NEXT.md
Processed and saved: markdown_files/NOT.md
Processed and saved: markdown_files/OCT$.md
Processed and saved: markdown_files/OFF.md
Processed and saved: markdown_files/ON.md
Processed and saved: markdown_files/OPEN.md
Processed and saved: markdown_files/OPTION.md
Processed and saved: markdown_files/OR.md
Processed and saved: markdown_files/OUT.md
Processed and saved: markdown_files/OUTPUT.md
Processed and saved: markdown_files/PAINT.md
Processed and saved: markdown_files/PALETTE.md
Processed and saved: markdown_files/PCOPY.md
Processed and saved: markdown_files/PEEK.md
Error fetching https://qb64phoenix.com/qb64wiki/index.php/PEN: 404 Client Error: Not Found for url: https://qb64phoenix.com/qb64wiki/index.php/PEN
Processed and saved: markdown_files/PLAY.md
Processed and saved: markdown_files/PMAP.md
Processed and saved: markdown_files/POINT.md
Processed and saved: markdown_files/POKE.md
Processed and saved: markdown_files/POS.md
Processed and saved: markdown_files/PRESET.md
Processed and saved: markdown_files/PRINT.md
Processed and saved: markdown_files/PSET.md
Processed and saved: markdown_files/PUT.md
Processed and saved: markdown_files/RANDOM.md
Processed and saved: markdown_files/RANDOMIZE.md
Processed and saved: markdown_files/READ.md
Processed and saved: markdown_files/REDIM.md
Processed and saved: markdown_files/REM.md
Processed and saved: markdown_files/RESET.md
Processed and saved: markdown_files/RESTORE.md
Processed and saved: markdown_files/RESUME.md
Processed and saved: markdown_files/RETURN.md
Processed and saved: markdown_files/RIGHT$.md
Processed and saved: markdown_files/RMDIR.md
Processed and saved: markdown_files/RND.md
Processed and saved: markdown_files/RSET.md
Processed and saved: markdown_files/RTRIM$.md
Processed and saved: markdown_files/RUN.md
Processed and saved: markdown_files/SADD.md
Processed and saved: markdown_files/SCREEN.md
Processed and saved: markdown_files/SEEK.md
Processed and saved: markdown_files/SEG.md
Processed and saved: markdown_files/SELECT.md
Error fetching https://qb64phoenix.com/qb64wiki/index.php/SETMEM: 404 Client Error: Not Found for url: https://qb64phoenix.com/qb64wiki/index.php/SETMEM
Processed and saved: markdown_files/SGN.md
Processed and saved: markdown_files/SHARED.md
Processed and saved: markdown_files/SHELL.md
Error fetching https://qb64phoenix.com/qb64wiki/index.php/SIGNAL: 404 Client Error: Not Found for url: https://qb64phoenix.com/qb64wiki/index.php/SIGNAL
Processed and saved: markdown_files/SIN.md
Processed and saved: markdown_files/SINGLE.md
Processed and saved: markdown_files/SLEEP.md
Processed and saved: markdown_files/SOUND.md
Processed and saved: markdown_files/SPACE$.md
Processed and saved: markdown_files/SPC.md
Processed and saved: markdown_files/SQR.md
Processed and saved: markdown_files/STATIC.md
Processed and saved: markdown_files/STEP.md
Processed and saved: markdown_files/STICK.md
Processed and saved: markdown_files/STOP.md
Processed and saved: markdown_files/STR$.md
Processed and saved: markdown_files/STRIG.md
Processed and saved: markdown_files/STRING.md
Processed and saved: markdown_files/STRING$.md
Processed and saved: markdown_files/SUB.md
Processed and saved: markdown_files/SWAP.md
Processed and saved: markdown_files/SYSTEM.md
Processed and saved: markdown_files/TAB.md
Processed and saved: markdown_files/TAN.md
Processed and saved: markdown_files/THEN.md
Processed and saved: markdown_files/TIME$.md
Processed and saved: markdown_files/TIMER.md
Processed and saved: markdown_files/TO.md
Error fetching https://qb64phoenix.com/qb64wiki/index.php/TROFF: 404 Client Error: Not Found for url: https://qb64phoenix.com/qb64wiki/index.php/TROFF
Error fetching https://qb64phoenix.com/qb64wiki/index.php/TRON: 404 Client Error: Not Found for url: https://qb64phoenix.com/qb64wiki/index.php/TRON
Processed and saved: markdown_files/TYPE.md
Processed and saved: markdown_files/UBOUND.md
Processed and saved: markdown_files/UCASE$.md
Error fetching https://qb64phoenix.com/qb64wiki/index.php/UEVENT: 404 Client Error: Not Found for url: https://qb64phoenix.com/qb64wiki/index.php/UEVENT
Processed and saved: markdown_files/UNLOCK.md
Processed and saved: markdown_files/UNTIL.md
Processed and saved: markdown_files/USING.md
Processed and saved: markdown_files/VAL.md
Processed and saved: markdown_files/VARPTR.md
Processed and saved: markdown_files/VARPTR$.md
Processed and saved: markdown_files/VARSEG.md
Processed and saved: markdown_files/VIEW.md
Processed and saved: markdown_files/WAIT.md
Processed and saved: markdown_files/WEND.md
Processed and saved: markdown_files/WHILE.md
Processed and saved: markdown_files/WIDTH.md
Processed and saved: markdown_files/WINDOW.md
Processed and saved: markdown_files/WRITE.md
Processed and saved: markdown_files/XOR.md
Processed and saved: markdown_files/_ACOS.md
Processed and saved: markdown_files/_ACOSH.md
Processed and saved: markdown_files/_ALPHA.md
Processed and saved: markdown_files/_ALPHA32.md
Error fetching https://qb64phoenix.com/qb64wiki/index.php/_ARCCOT: 404 Client Error: Not Found for url: https://qb64phoenix.com/qb64wiki/index.php/ARCCOT
Error fetching https://qb64phoenix.com/qb64wiki/index.php/_ARCCSC: 404 Client Error: Not Found for url: https://qb64phoenix.com/qb64wiki/index.php/ARCCSC
Error fetching https://qb64phoenix.com/qb64wiki/index.php/_ARCSEC: 404 Client Error: Not Found for url: https://qb64phoenix.com/qb64wiki/index.php/ARCSEC
Processed and saved: markdown_files/_ASIN.md
Processed and saved: markdown_files/_ASINH.md
Processed and saved: markdown_files/_ATAN2.md
Processed and saved: markdown_files/_ATANH.md
Processed and saved: markdown_files/_AUTODISPLAY.md
Processed and saved: markdown_files/_AXIS.md
Processed and saved: markdown_files/_BACKGROUNDCOLOR.md
Processed and saved: markdown_files/_BIN$.md
Processed and saved: markdown_files/_BIT.md
Processed and saved: markdown_files/_BLEND.md
Processed and saved: markdown_files/_BLINK.md
Processed and saved: markdown_files/_BLUE.md
Processed and saved: markdown_files/_BLUE32.md
Processed and saved: markdown_files/_BUTTON.md
Processed and saved: markdown_files/_BUTTONCHANGE.md
Processed and saved: markdown_files/_BYTE.md
Processed and saved: markdown_files/_CEIL.md
Processed and saved: markdown_files/_CLEARCOLOR.md
Processed and saved: markdown_files/_CLIP.md
Processed and saved: markdown_files/_CLIPBOARD$.md
Processed and saved: markdown_files/_CLIPBOARDIMAGE.md
Processed and saved: markdown_files/_COMMANDCOUNT.md
Processed and saved: markdown_files/_CONNECTED.md
Processed and saved: markdown_files/_CONNECTIONADDRESS$.md
Processed and saved: markdown_files/_CONNECTIONADDRESS.md
Processed and saved: markdown_files/_CONSOLE.md
Processed and saved: markdown_files/_CONSOLETITLE.md
Processed and saved: markdown_files/_CONTINUE.md
Processed and saved: markdown_files/_CONTROLCHR.md
Processed and saved: markdown_files/_COPYIMAGE.md
Processed and saved: markdown_files/_COPYPALETTE.md
Error fetching https://qb64phoenix.com/qb64wiki/index.php/_COSH: 404 Client Error: Not Found for url: https://qb64phoenix.com/qb64wiki/index.php/COSH
Error fetching https://qb64phoenix.com/qb64wiki/index.php/_COT: 404 Client Error: Not Found for url: https://qb64phoenix.com/qb64wiki/index.php/COT
Error fetching https://qb64phoenix.com/qb64wiki/index.php/_COTH: 404 Client Error: Not Found for url: https://qb64phoenix.com/qb64wiki/index.php/COTH
Error fetching https://qb64phoenix.com/qb64wiki/index.php/_CSC: 404 Client Error: Not Found for url: https://qb64phoenix.com/qb64wiki/index.php/CSC
Error fetching https://qb64phoenix.com/qb64wiki/index.php/_CSCH: 404 Client Error: Not Found for url: https://qb64phoenix.com/qb64wiki/index.php/CSCH
Processed and saved: markdown_files/_CV.md
Processed and saved: markdown_files/_CWD$.md
Processed and saved: markdown_files/_D2G.md
Processed and saved: markdown_files/_D2R.md
Processed and saved: markdown_files/_DEFAULTCOLOR.md
Processed and saved: markdown_files/_DEFINE.md
Processed and saved: markdown_files/_DELAY.md
Processed and saved: markdown_files/_DEPTHBUFFER.md
Processed and saved: markdown_files/_DESKTOPHEIGHT.md
Processed and saved: markdown_files/_DESKTOPWIDTH.md
Processed and saved: markdown_files/_DEST.md
Processed and saved: markdown_files/_DEVICE$.md
Processed and saved: markdown_files/_DEVICEINPUT.md
Processed and saved: markdown_files/_DEVICES.md
Processed and saved: markdown_files/_DIR$.md
Processed and saved: markdown_files/_DIREXISTS.md
Processed and saved: markdown_files/_DISPLAY.md
Processed and saved: markdown_files/_DISPLAYORDER.md
Processed and saved: markdown_files/_DONTBLEND.md
Processed and saved: markdown_files/_DONTWAIT.md
Processed and saved: markdown_files/_ERRORLINE.md
Processed and saved: markdown_files/_ERRORMESSAGE$.md
Processed and saved: markdown_files/_EXIT.md
Processed and saved: markdown_files/_EXPLICIT.md
Processed and saved: markdown_files/_EXPLICITARRAY.md
Processed and saved: markdown_files/_FILEEXISTS.md
Processed and saved: markdown_files/_FLOAT.md
Processed and saved: markdown_files/_FONT.md
Processed and saved: markdown_files/_FONTHEIGHT.md
Processed and saved: markdown_files/_FONTWIDTH.md
Processed and saved: markdown_files/_FREEFONT.md
Processed and saved: markdown_files/_FREEIMAGE.md
Processed and saved: markdown_files/_FREETIMER.md
Processed and saved: markdown_files/_FULLSCREEN.md
Processed and saved: markdown_files/_G2D.md
Processed and saved: markdown_files/_G2R.md
Processed and saved: markdown_files/_GLRENDER.md
Processed and saved: markdown_files/_GREEN.md
Processed and saved: markdown_files/_GREEN32.md
Processed and saved: markdown_files/_HEIGHT.md
Processed and saved: markdown_files/_HIDE.md
Processed and saved: markdown_files/_HYPOT.md
Processed and saved: markdown_files/_ICON.md
Processed and saved: markdown_files/_INCLERRORFILE$.md
Processed and saved: markdown_files/_INCLERRORLINE.md
Processed and saved: markdown_files/_INTEGER64.md
Processed and saved: markdown_files/_KEYCLEAR.md
Processed and saved: markdown_files/_KEYDOWN.md
Processed and saved: markdown_files/_KEYHIT.md
Processed and saved: markdown_files/_LASTAXIS.md
Processed and saved: markdown_files/_LASTBUTTON.md
Processed and saved: markdown_files/_LASTWHEEL.md
Processed and saved: markdown_files/_LIMIT.md
Processed and saved: markdown_files/_LOADFONT.md
Processed and saved: markdown_files/_LOADIMAGE.md
Processed and saved: markdown_files/_MAPTRIANGLE.md
Processed and saved: markdown_files/_MAPUNICODE.md
Processed and saved: markdown_files/_MEM.md
Processed and saved: markdown_files/_MEMCOPY.md
Processed and saved: markdown_files/_MEMELEMENT.md
Processed and saved: markdown_files/_MEMEXISTS.md
Processed and saved: markdown_files/_MEMFILL.md
Processed and saved: markdown_files/_MEMFREE.md
Processed and saved: markdown_files/_MEMGET.md
Processed and saved: markdown_files/_MEMIMAGE.md
Processed and saved: markdown_files/_MEMSOUND.md
Processed and saved: markdown_files/_MEMNEW.md
Processed and saved: markdown_files/_MEMPUT.md
Processed and saved: markdown_files/_MIDDLE.md
Processed and saved: markdown_files/_MK$.md
Processed and saved: markdown_files/_MOUSEBUTTON.md
Processed and saved: markdown_files/_MOUSEHIDE.md
Processed and saved: markdown_files/_MOUSEINPUT.md
Processed and saved: markdown_files/_MOUSEMOVE.md
Processed and saved: markdown_files/_MOUSEMOVEMENTX.md
Processed and saved: markdown_files/_MOUSEMOVEMENTY.md
Error fetching https://qb64phoenix.com/qb64wiki/index.php/_MOUSEPIPEOPEN: 404 Client Error: Not Found for url: https://qb64phoenix.com/qb64wiki/index.php/MOUSEPIPEOPEN
Processed and saved: markdown_files/_MOUSESHOW.md
Processed and saved: markdown_files/_MOUSEWHEEL.md
Processed and saved: markdown_files/_MOUSEX.md
Processed and saved: markdown_files/_MOUSEY.md
Processed and saved: markdown_files/_NEWIMAGE.md
Processed and saved: markdown_files/_OFFSET.md
Processed and saved: markdown_files/_OPENCLIENT.md
Processed and saved: markdown_files/_OPENCONNECTION.md
Processed and saved: markdown_files/_OPENHOST.md
Processed and saved: markdown_files/_OS$.md
Processed and saved: markdown_files/_PALETTECOLOR.md
Processed and saved: markdown_files/_PI.md
Processed and saved: markdown_files/_PIXELSIZE.md
Processed and saved: markdown_files/_PRESERVE.md
Processed and saved: markdown_files/_PRINTIMAGE.md
Processed and saved: markdown_files/_PRINTMODE.md
Processed and saved: markdown_files/_PRINTSTRING.md
Processed and saved: markdown_files/_PRINTWIDTH.md
Processed and saved: markdown_files/_PUTIMAGE.md
Processed and saved: markdown_files/_R2D.md
Processed and saved: markdown_files/_R2G.md
Processed and saved: markdown_files/_RED.md
Processed and saved: markdown_files/_RED32.md
Processed and saved: markdown_files/_RESIZE.md
Processed and saved: markdown_files/_RESIZEHEIGHT.md
Processed and saved: markdown_files/_RESIZEWIDTH.md
Processed and saved: markdown_files/_RGB.md
Processed and saved: markdown_files/_RGB32.md
Processed and saved: markdown_files/_RGBA.md
Processed and saved: markdown_files/_RGBA32.md
Processed and saved: markdown_files/_ROUND.md
Processed and saved: markdown_files/_SCREENCLICK.md
Processed and saved: markdown_files/_SCREENEXISTS.md
Processed and saved: markdown_files/_SCREENHIDE.md
Processed and saved: markdown_files/_SCREENICON.md
Processed and saved: markdown_files/_SCREENIMAGE.md
Processed and saved: markdown_files/_SCREENMOVE.md
Processed and saved: markdown_files/_SCREENPRINT.md
Processed and saved: markdown_files/_SCREENSHOW.md
Processed and saved: markdown_files/_SCREENX.md
Processed and saved: markdown_files/_SCREENY.md
Error fetching https://qb64phoenix.com/qb64wiki/index.php/_SEC: 404 Client Error: Not Found for url: https://qb64phoenix.com/qb64wiki/index.php/SEC
Error fetching https://qb64phoenix.com/qb64wiki/index.php/_SECH: 404 Client Error: Not Found for url: https://qb64phoenix.com/qb64wiki/index.php/SECH
Processed and saved: markdown_files/_SETALPHA.md
Processed and saved: markdown_files/_SHELLHIDE.md
Error fetching https://qb64phoenix.com/qb64wiki/index.php/_SINH: 404 Client Error: Not Found for url: https://qb64phoenix.com/qb64wiki/index.php/SINH
Processed and saved: markdown_files/_SNDBAL.md
Processed and saved: markdown_files/_SNDCLOSE.md
Processed and saved: markdown_files/_SNDCOPY.md
Processed and saved: markdown_files/_SNDGETPOS.md
Processed and saved: markdown_files/_SNDLEN.md
Processed and saved: markdown_files/_SNDLIMIT.md
Processed and saved: markdown_files/_SNDLOOP.md
Processed and saved: markdown_files/_SNDOPEN.md
Processed and saved: markdown_files/_SNDOPENRAW.md
Processed and saved: markdown_files/_SNDPAUSE.md
Processed and saved: markdown_files/_SNDPAUSED.md
Processed and saved: markdown_files/_SNDPLAY.md
Processed and saved: markdown_files/_SNDPLAYCOPY.md
Processed and saved: markdown_files/_SNDPLAYFILE.md
Processed and saved: markdown_files/_SNDPLAYING.md
Processed and saved: markdown_files/_SNDRATE.md
Processed and saved: markdown_files/_SNDRAW.md
Processed and saved: markdown_files/_SNDRAWDONE.md
Processed and saved: markdown_files/_SNDRAWLEN.md
Processed and saved: markdown_files/_SNDSETPOS.md
Processed and saved: markdown_files/_SNDSTOP.md
Processed and saved: markdown_files/_SNDVOL.md
Processed and saved: markdown_files/_SOURCE.md
Processed and saved: markdown_files/_STARTDIR$.md
Processed and saved: markdown_files/_STRCMP.md
Processed and saved: markdown_files/_STRICMP.md
Error fetching https://qb64phoenix.com/qb64wiki/index.php/_TANH: 404 Client Error: Not Found for url: https://qb64phoenix.com/qb64wiki/index.php/TANH
Processed and saved: markdown_files/_TITLE.md
Processed and saved: markdown_files/_TITLE$.md
Processed and saved: markdown_files/_UNSIGNED.md
Processed and saved: markdown_files/_WHEEL.md
Processed and saved: markdown_files/_WIDTH.md
Processed and saved: markdown_files/_WINDOWHANDLE.md
Processed and saved: markdown_files/_WINDOWHASFOCUS.md
Error fetching https://qb64phoenix.com/qb64wiki/index.php/_GLACCUM: 404 Client Error: Not Found for url: https://qb64phoenix.com/qb64wiki/index.php/GLACCUM
Error fetching https://qb64phoenix.com/qb64wiki/index.php/_GLALPHAFUNC: 404 Client Error: Not Found for url: https://qb64phoenix.com/qb64wiki/index.php/GLALPHAFUNC
Error fetching https://qb64phoenix.com/qb64wiki/index.php/_GLARETEXTURESRESIDENT: 404 Client Error: Not Found for url: https://qb64phoenix.com/qb64wiki/index.php/GLARETEXTURESRESIDENT
Error fetching https://qb64phoenix.com/qb64wiki/index.php/_GLARRAYELEMENT: 404 Client Error: Not Found for url: https://qb64phoenix.com/qb64wiki/index.php/GLARRAYELEMENT
Error fetching https://qb64phoenix.com/qb64wiki/index.php/_GLBEGIN: 404 Client Error: Not Found for url: https://qb64phoenix.com/qb64wiki/index.php/GLBEGIN
Error fetching https://qb64phoenix.com/qb64wiki/index.php/_GLBINDTEXTURE: 404 Client Error: Not Found for url: https://qb64phoenix.com/qb64wiki/index.php/GLBINDTEXTURE
Error fetching https://qb64phoenix.com/qb64wiki/index.php/_GLBITMAP: 404 Client Error: Not Found for url: https://qb64phoenix.com/qb64wiki/index.php/GLBITMAP
Error fetching https://qb64phoenix.com/qb64wiki/index.php/_GLBLENDFUNC: 404 Client Error: Not Found for url: https://qb64phoenix.com/qb64wiki/index.php/GLBLENDFUNC
Error fetching https://qb64phoenix.com/qb64wiki/index.php/_GLCALLLIST: 404 Client Error: Not Found for url: https://qb64phoenix.com/qb64wiki/index.php/GLCALLLIST
Error fetching https://qb64phoenix.com/qb64wiki/index.php/_GLCALLLISTS: 404 Client Error: Not Found for url: https://qb64phoenix.com/qb64wiki/index.php/GLCALLLISTS
Error fetching https://qb64phoenix.com/qb64wiki/index.php/_GLCLEAR: 404 Client Error: Not Found for url: https://qb64phoenix.com/qb64wiki/index.php/GLCLEAR
Error fetching https://qb64phoenix.com/qb64wiki/index.php/_GLCLEARACCUM: 404 Client Error: Not Found for url: https://qb64phoenix.com/qb64wiki/index.php/GLCLEARACCUM
Error fetching https://qb64phoenix.com/qb64wiki/index.php/_GLCLEARCOLOR: 404 Client Error: Not Found for url: https://qb64phoenix.com/qb64wiki/index.php/GLCLEARCOLOR
Error fetching https://qb64phoenix.com/qb64wiki/index.php/_GLCLEARDEPTH: 404 Client Error: Not Found for url: https://qb64phoenix.com/qb64wiki/index.php/GLCLEARDEPTH
Error fetching https://qb64phoenix.com/qb64wiki/index.php/_GLCLEARINDEX: 404 Client Error: Not Found for url: https://qb64phoenix.com/qb64wiki/index.php/GLCLEARINDEX
Error fetching https://qb64phoenix.com/qb64wiki/index.php/_GLCLEARSTENCIL: 404 Client Error: Not Found for url: https://qb64phoenix.com/qb64wiki/index.php/GLCLEARSTENCIL
Error fetching https://qb64phoenix.com/qb64wiki/index.php/_GLCLIPPLANE: 404 Client Error: Not Found for url: https://qb64phoenix.com/qb64wiki/index.php/GLCLIPPLANE
Error fetching https://qb64phoenix.com/qb64wiki/index.php/_GLCOLOR3B: 404 Client Error: Not Found for url: https://qb64phoenix.com/qb64wiki/index.php/GLCOLOR3B
Error fetching https://qb64phoenix.com/qb64wiki/index.php/_GLCOLOR3BV: 404 Client Error: Not Found for url: https://qb64phoenix.com/qb64wiki/index.php/GLCOLOR3BV
Error fetching https://qb64phoenix.com/qb64wiki/index.php/_GLCOLOR3D: 404 Client Error: Not Found for url: https://qb64phoenix.com/qb64wiki/index.php/GLCOLOR3D
Error fetching https://qb64phoenix.com/qb64wiki/index.php/_GLCOLOR3DV: 404 Client Error: Not Found for url: https://qb64phoenix.com/qb64wiki/index.php/GLCOLOR3DV
Error fetching https://qb64phoenix.com/qb64wiki/index.php/_GLCOLOR3F: 404 Client Error: Not Found for url: https://qb64phoenix.com/qb64wiki/index.php/GLCOLOR3F
Error fetching https://qb64phoenix.com/qb64wiki/index.php/_GLCOLOR3FV: 404 Client Error: Not Found for url: https://qb64phoenix.com/qb64wiki/index.php/GLCOLOR3FV
Error fetching https://qb64phoenix.com/qb64wiki/index.php/_GLCOLOR3I: 404 Client Error: Not Found for url: https://qb64phoenix.com/qb64wiki/index.php/GLCOLOR3I
Error fetching https://qb64phoenix.com/qb64wiki/index.php/_GLCOLOR3IV: 404 Client Error: Not Found for url: https://qb64phoenix.com/qb64wiki/index.php/GLCOLOR3IV
Error fetching https://qb64phoenix.com/qb64wiki/index.php/_GLCOLOR3S: 404 Client Error: Not Found for url: https://qb64phoenix.com/qb64wiki/index.php/GLCOLOR3S
Error fetching https://qb64phoenix.com/qb64wiki/index.php/_GLCOLOR3SV: 404 Client Error: Not Found for url: https://qb64phoenix.com/qb64wiki/index.php/GLCOLOR3SV
Error fetching https://qb64phoenix.com/qb64wiki/index.php/_GLCOLOR3UB: 404 Client Error: Not Found for url: https://qb64phoenix.com/qb64wiki/index.php/GLCOLOR3UB
Error fetching https://qb64phoenix.com/qb64wiki/index.php/_GLCOLOR3UBV: 404 Client Error: Not Found for url: https://qb64phoenix.com/qb64wiki/index.php/GLCOLOR3UBV
Error fetching https://qb64phoenix.com/qb64wiki/index.php/_GLCOLOR3UI: 404 Client Error: Not Found for url: https://qb64phoenix.com/qb64wiki/index.php/GLCOLOR3UI
Error fetching https://qb64phoenix.com/qb64wiki/index.php/_GLCOLOR3UIV: 404 Client Error: Not Found for url: https://qb64phoenix.com/qb64wiki/index.php/GLCOLOR3UIV
Error fetching https://qb64phoenix.com/qb64wiki/index.php/_GLCOLOR3US: 404 Client Error: Not Found for url: https://qb64phoenix.com/qb64wiki/index.php/GLCOLOR3US
Error fetching https://qb64phoenix.com/qb64wiki/index.php/_GLCOLOR3USV: 404 Client Error: Not Found for url: https://qb64phoenix.com/qb64wiki/index.php/GLCOLOR3USV
Error fetching https://qb64phoenix.com/qb64wiki/index.php/_GLCOLOR4B: 404 Client Error: Not Found for url: https://qb64phoenix.com/qb64wiki/index.php/GLCOLOR4B
Error fetching https://qb64phoenix.com/qb64wiki/index.php/_GLCOLOR4BV: 404 Client Error: Not Found for url: https://qb64phoenix.com/qb64wiki/index.php/GLCOLOR4BV
Error fetching https://qb64phoenix.com/qb64wiki/index.php/_GLCOLOR4D: 404 Client Error: Not Found for url: https://qb64phoenix.com/qb64wiki/index.php/GLCOLOR4D
Error fetching https://qb64phoenix.com/qb64wiki/index.php/_GLCOLOR4DV: 404 Client Error: Not Found for url: https://qb64phoenix.com/qb64wiki/index.php/GLCOLOR4DV
Error fetching https://qb64phoenix.com/qb64wiki/index.php/_GLCOLOR4F: 404 Client Error: Not Found for url: https://qb64phoenix.com/qb64wiki/index.php/GLCOLOR4F
Error fetching https://qb64phoenix.com/qb64wiki/index.php/_GLCOLOR4FV: 404 Client Error: Not Found for url: https://qb64phoenix.com/qb64wiki/index.php/GLCOLOR4FV
Error fetching https://qb64phoenix.com/qb64wiki/index.php/_GLCOLOR4I: 404 Client Error: Not Found for url: https://qb64phoenix.com/qb64wiki/index.php/GLCOLOR4I
Error fetching https://qb64phoenix.com/qb64wiki/index.php/_GLCOLOR4IV: 404 Client Error: Not Found for url: https://qb64phoenix.com/qb64wiki/index.php/GLCOLOR4IV
Error fetching https://qb64phoenix.com/qb64wiki/index.php/_GLCOLOR4S: 404 Client Error: Not Found for url: https://qb64phoenix.com/qb64wiki/index.php/GLCOLOR4S
Error fetching https://qb64phoenix.com/qb64wiki/index.php/_GLCOLOR4SV: 404 Client Error: Not Found for url: https://qb64phoenix.com/qb64wiki/index.php/GLCOLOR4SV
Error fetching https://qb64phoenix.com/qb64wiki/index.php/_GLCOLOR4UB: 404 Client Error: Not Found for url: https://qb64phoenix.com/qb64wiki/index.php/GLCOLOR4UB
Error fetching https://qb64phoenix.com/qb64wiki/index.php/_GLCOLOR4UBV: 404 Client Error: Not Found for url: https://qb64phoenix.com/qb64wiki/index.php/GLCOLOR4UBV
Error fetching https://qb64phoenix.com/qb64wiki/index.php/_GLCOLOR4UI: 404 Client Error: Not Found for url: https://qb64phoenix.com/qb64wiki/index.php/GLCOLOR4UI
Error fetching https://qb64phoenix.com/qb64wiki/index.php/_GLCOLOR4UIV: 404 Client Error: Not Found for url: https://qb64phoenix.com/qb64wiki/index.php/GLCOLOR4UIV
Error fetching https://qb64phoenix.com/qb64wiki/index.php/_GLCOLOR4US: 404 Client Error: Not Found for url: https://qb64phoenix.com/qb64wiki/index.php/GLCOLOR4US
Error fetching https://qb64phoenix.com/qb64wiki/index.php/_GLCOLOR4USV: 404 Client Error: Not Found for url: https://qb64phoenix.com/qb64wiki/index.php/GLCOLOR4USV
Error fetching https://qb64phoenix.com/qb64wiki/index.php/_GLCOLORMASK: 404 Client Error: Not Found for url: https://qb64phoenix.com/qb64wiki/index.php/GLCOLORMASK
Error fetching https://qb64phoenix.com/qb64wiki/index.php/_GLCOLORMATERIAL: 404 Client Error: Not Found for url: https://qb64phoenix.com/qb64wiki/index.php/GLCOLORMATERIAL
Error fetching https://qb64phoenix.com/qb64wiki/index.php/_GLCOLORPOINTER: 404 Client Error: Not Found for url: https://qb64phoenix.com/qb64wiki/index.php/GLCOLORPOINTER
Error fetching https://qb64phoenix.com/qb64wiki/index.php/_GLCOPYPIXELS: 404 Client Error: Not Found for url: https://qb64phoenix.com/qb64wiki/index.php/GLCOPYPIXELS
Error fetching https://qb64phoenix.com/qb64wiki/index.php/_GLCOPYTEXIMAGE1D: 404 Client Error: Not Found for url: https://qb64phoenix.com/qb64wiki/index.php/GLCOPYTEXIMAGE1D
Error fetching https://qb64phoenix.com/qb64wiki/index.php/_GLCOPYTEXIMAGE2D: 404 Client Error: Not Found for url: https://qb64phoenix.com/qb64wiki/index.php/GLCOPYTEXIMAGE2D
Error fetching https://qb64phoenix.com/qb64wiki/index.php/_GLCOPYTEXSUBIMAGE1D: 404 Client Error: Not Found for url: https://qb64phoenix.com/qb64wiki/index.php/GLCOPYTEXSUBIMAGE1D
Error fetching https://qb64phoenix.com/qb64wiki/index.php/_GLCOPYTEXSUBIMAGE2D: 404 Client Error: Not Found for url: https://qb64phoenix.com/qb64wiki/index.php/GLCOPYTEXSUBIMAGE2D
Error fetching https://qb64phoenix.com/qb64wiki/index.php/_GLCULLFACE: 404 Client Error: Not Found for url: https://qb64phoenix.com/qb64wiki/index.php/GLCULLFACE
Error fetching https://qb64phoenix.com/qb64wiki/index.php/_GLDELETELISTS: 404 Client Error: Not Found for url: https://qb64phoenix.com/qb64wiki/index.php/GLDELETELISTS
Error fetching https://qb64phoenix.com/qb64wiki/index.php/_GLDELETETEXTURES: 404 Client Error: Not Found for url: https://qb64phoenix.com/qb64wiki/index.php/GLDELETETEXTURES
Error fetching https://qb64phoenix.com/qb64wiki/index.php/_GLDEPTHFUNC: 404 Client Error: Not Found for url: https://qb64phoenix.com/qb64wiki/index.php/GLDEPTHFUNC
Error fetching https://qb64phoenix.com/qb64wiki/index.php/_GLDEPTHMASK: 404 Client Error: Not Found for url: https://qb64phoenix.com/qb64wiki/index.php/GLDEPTHMASK
Error fetching https://qb64phoenix.com/qb64wiki/index.php/_GLDEPTHRANGE: 404 Client Error: Not Found for url: https://qb64phoenix.com/qb64wiki/index.php/GLDEPTHRANGE
Error fetching https://qb64phoenix.com/qb64wiki/index.php/_GLDISABLE: 404 Client Error: Not Found for url: https://qb64phoenix.com/qb64wiki/index.php/GLDISABLE
Error fetching https://qb64phoenix.com/qb64wiki/index.php/_GLDISABLECLIENTSTATE: 404 Client Error: Not Found for url: https://qb64phoenix.com/qb64wiki/index.php/GLDISABLECLIENTSTATE
Error fetching https://qb64phoenix.com/qb64wiki/index.php/_GLDRAWARRAYS: 404 Client Error: Not Found for url: https://qb64phoenix.com/qb64wiki/index.php/GLDRAWARRAYS
Error fetching https://qb64phoenix.com/qb64wiki/index.php/_GLDRAWBUFFER: 404 Client Error: Not Found for url: https://qb64phoenix.com/qb64wiki/index.php/GLDRAWBUFFER
Error fetching https://qb64phoenix.com/qb64wiki/index.php/_GLDRAWELEMENTS: 404 Client Error: Not Found for url: https://qb64phoenix.com/qb64wiki/index.php/GLDRAWELEMENTS
Error fetching https://qb64phoenix.com/qb64wiki/index.php/_GLDRAWPIXELS: 404 Client Error: Not Found for url: https://qb64phoenix.com/qb64wiki/index.php/GLDRAWPIXELS
Error fetching https://qb64phoenix.com/qb64wiki/index.php/_GLEDGEFLAG: 404 Client Error: Not Found for url: https://qb64phoenix.com/qb64wiki/index.php/GLEDGEFLAG
Error fetching https://qb64phoenix.com/qb64wiki/index.php/_GLEDGEFLAGPOINTER: 404 Client Error: Not Found for url: https://qb64phoenix.com/qb64wiki/index.php/GLEDGEFLAGPOINTER
Error fetching https://qb64phoenix.com/qb64wiki/index.php/_GLEDGEFLAGV: 404 Client Error: Not Found for url: https://qb64phoenix.com/qb64wiki/index.php/GLEDGEFLAGV
Error fetching https://qb64phoenix.com/qb64wiki/index.php/_GLENABLE: 404 Client Error: Not Found for url: https://qb64phoenix.com/qb64wiki/index.php/GLENABLE
Error fetching https://qb64phoenix.com/qb64wiki/index.php/_GLENABLECLIENTSTATE: 404 Client Error: Not Found for url: https://qb64phoenix.com/qb64wiki/index.php/GLENABLECLIENTSTATE
Error fetching https://qb64phoenix.com/qb64wiki/index.php/_GLEND: 404 Client Error: Not Found for url: https://qb64phoenix.com/qb64wiki/index.php/GLEND
Error fetching https://qb64phoenix.com/qb64wiki/index.php/_GLENDLIST: 404 Client Error: Not Found for url: https://qb64phoenix.com/qb64wiki/index.php/GLENDLIST
Error fetching https://qb64phoenix.com/qb64wiki/index.php/_GLEVALCOORD1D: 404 Client Error: Not Found for url: https://qb64phoenix.com/qb64wiki/index.php/GLEVALCOORD1D
Error fetching https://qb64phoenix.com/qb64wiki/index.php/_GLEVALCOORD1DV: 404 Client Error: Not Found for url: https://qb64phoenix.com/qb64wiki/index.php/GLEVALCOORD1DV
Error fetching https://qb64phoenix.com/qb64wiki/index.php/_GLEVALCOORD1F: 404 Client Error: Not Found for url: https://qb64phoenix.com/qb64wiki/index.php/GLEVALCOORD1F
Error fetching https://qb64phoenix.com/qb64wiki/index.php/_GLEVALCOORD1FV: 404 Client Error: Not Found for url: https://qb64phoenix.com/qb64wiki/index.php/GLEVALCOORD1FV
Error fetching https://qb64phoenix.com/qb64wiki/index.php/_GLEVALCOORD2D: 404 Client Error: Not Found for url: https://qb64phoenix.com/qb64wiki/index.php/GLEVALCOORD2D
Error fetching https://qb64phoenix.com/qb64wiki/index.php/_GLEVALCOORD2DV: 404 Client Error: Not Found for url: https://qb64phoenix.com/qb64wiki/index.php/GLEVALCOORD2DV
Error fetching https://qb64phoenix.com/qb64wiki/index.php/_GLEVALCOORD2F: 404 Client Error: Not Found for url: https://qb64phoenix.com/qb64wiki/index.php/GLEVALCOORD2F
Error fetching https://qb64phoenix.com/qb64wiki/index.php/_GLEVALCOORD2FV: 404 Client Error: Not Found for url: https://qb64phoenix.com/qb64wiki/index.php/GLEVALCOORD2FV
Error fetching https://qb64phoenix.com/qb64wiki/index.php/_GLEVALMESH1: 404 Client Error: Not Found for url: https://qb64phoenix.com/qb64wiki/index.php/GLEVALMESH1
Error fetching https://qb64phoenix.com/qb64wiki/index.php/_GLEVALMESH2: 404 Client Error: Not Found for url: https://qb64phoenix.com/qb64wiki/index.php/GLEVALMESH2
Error fetching https://qb64phoenix.com/qb64wiki/index.php/_GLEVALPOINT1: 404 Client Error: Not Found for url: https://qb64phoenix.com/qb64wiki/index.php/GLEVALPOINT1
Error fetching https://qb64phoenix.com/qb64wiki/index.php/_GLEVALPOINT2: 404 Client Error: Not Found for url: https://qb64phoenix.com/qb64wiki/index.php/GLEVALPOINT2
Error fetching https://qb64phoenix.com/qb64wiki/index.php/_GLFEEDBACKBUFFER: 404 Client Error: Not Found for url: https://qb64phoenix.com/qb64wiki/index.php/GLFEEDBACKBUFFER
Error fetching https://qb64phoenix.com/qb64wiki/index.php/_GLFINISH: 404 Client Error: Not Found for url: https://qb64phoenix.com/qb64wiki/index.php/GLFINISH
Error fetching https://qb64phoenix.com/qb64wiki/index.php/_GLFLUSH: 404 Client Error: Not Found for url: https://qb64phoenix.com/qb64wiki/index.php/GLFLUSH
Error fetching https://qb64phoenix.com/qb64wiki/index.php/_GLFOGF: 404 Client Error: Not Found for url: https://qb64phoenix.com/qb64wiki/index.php/GLFOGF
Error fetching https://qb64phoenix.com/qb64wiki/index.php/_GLFOGFV: 404 Client Error: Not Found for url: https://qb64phoenix.com/qb64wiki/index.php/GLFOGFV
Error fetching https://qb64phoenix.com/qb64wiki/index.php/_GLFOGI: 404 Client Error: Not Found for url: https://qb64phoenix.com/qb64wiki/index.php/GLFOGI
Error fetching https://qb64phoenix.com/qb64wiki/index.php/_GLFOGIV: 404 Client Error: Not Found for url: https://qb64phoenix.com/qb64wiki/index.php/GLFOGIV
Error fetching https://qb64phoenix.com/qb64wiki/index.php/_GLFRONTFACE: 404 Client Error: Not Found for url: https://qb64phoenix.com/qb64wiki/index.php/GLFRONTFACE
Error fetching https://qb64phoenix.com/qb64wiki/index.php/_GLFRUSTUM: 404 Client Error: Not Found for url: https://qb64phoenix.com/qb64wiki/index.php/GLFRUSTUM
Error fetching https://qb64phoenix.com/qb64wiki/index.php/_GLGENLISTS: 404 Client Error: Not Found for url: https://qb64phoenix.com/qb64wiki/index.php/GLGENLISTS
Error fetching https://qb64phoenix.com/qb64wiki/index.php/_GLGENTEXTURES: 404 Client Error: Not Found for url: https://qb64phoenix.com/qb64wiki/index.php/GLGENTEXTURES
Error fetching https://qb64phoenix.com/qb64wiki/index.php/_GLGETBOOLEANV: 404 Client Error: Not Found for url: https://qb64phoenix.com/qb64wiki/index.php/GLGETBOOLEANV
Error fetching https://qb64phoenix.com/qb64wiki/index.php/_GLGETCLIPPLANE: 404 Client Error: Not Found for url: https://qb64phoenix.com/qb64wiki/index.php/GLGETCLIPPLANE
Error fetching https://qb64phoenix.com/qb64wiki/index.php/_GLGETDOUBLEV: 404 Client Error: Not Found for url: https://qb64phoenix.com/qb64wiki/index.php/GLGETDOUBLEV
Error fetching https://qb64phoenix.com/qb64wiki/index.php/_GLGETERROR: 404 Client Error: Not Found for url: https://qb64phoenix.com/qb64wiki/index.php/GLGETERROR
Error fetching https://qb64phoenix.com/qb64wiki/index.php/_GLGETFLOATV: 404 Client Error: Not Found for url: https://qb64phoenix.com/qb64wiki/index.php/GLGETFLOATV
Error fetching https://qb64phoenix.com/qb64wiki/index.php/_GLGETINTEGERV: 404 Client Error: Not Found for url: https://qb64phoenix.com/qb64wiki/index.php/GLGETINTEGERV
Error fetching https://qb64phoenix.com/qb64wiki/index.php/_GLGETLIGHTFV: 404 Client Error: Not Found for url: https://qb64phoenix.com/qb64wiki/index.php/GLGETLIGHTFV
Error fetching https://qb64phoenix.com/qb64wiki/index.php/_GLGETLIGHTIV: 404 Client Error: Not Found for url: https://qb64phoenix.com/qb64wiki/index.php/GLGETLIGHTIV
Error fetching https://qb64phoenix.com/qb64wiki/index.php/_GLGETMAPDV: 404 Client Error: Not Found for url: https://qb64phoenix.com/qb64wiki/index.php/GLGETMAPDV
Error fetching https://qb64phoenix.com/qb64wiki/index.php/_GLGETMAPFV: 404 Client Error: Not Found for url: https://qb64phoenix.com/qb64wiki/index.php/GLGETMAPFV
Error fetching https://qb64phoenix.com/qb64wiki/index.php/_GLGETMAPIV: 404 Client Error: Not Found for url: https://qb64phoenix.com/qb64wiki/index.php/GLGETMAPIV
Error fetching https://qb64phoenix.com/qb64wiki/index.php/_GLGETMATERIALFV: 404 Client Error: Not Found for url: https://qb64phoenix.com/qb64wiki/index.php/GLGETMATERIALFV
Error fetching https://qb64phoenix.com/qb64wiki/index.php/_GLGETMATERIALIV: 404 Client Error: Not Found for url: https://qb64phoenix.com/qb64wiki/index.php/GLGETMATERIALIV
Error fetching https://qb64phoenix.com/qb64wiki/index.php/_GLGETPIXELMAPFV: 404 Client Error: Not Found for url: https://qb64phoenix.com/qb64wiki/index.php/GLGETPIXELMAPFV
Error fetching https://qb64phoenix.com/qb64wiki/index.php/_GLGETPIXELMAPUIV: 404 Client Error: Not Found for url: https://qb64phoenix.com/qb64wiki/index.php/GLGETPIXELMAPUIV
Error fetching https://qb64phoenix.com/qb64wiki/index.php/_GLGETPIXELMAPUSV: 404 Client Error: Not Found for url: https://qb64phoenix.com/qb64wiki/index.php/GLGETPIXELMAPUSV
Error fetching https://qb64phoenix.com/qb64wiki/index.php/_GLGETPOINTERV: 404 Client Error: Not Found for url: https://qb64phoenix.com/qb64wiki/index.php/GLGETPOINTERV
Error fetching https://qb64phoenix.com/qb64wiki/index.php/_GLGETPOLYGONSTIPPLE: 404 Client Error: Not Found for url: https://qb64phoenix.com/qb64wiki/index.php/GLGETPOLYGONSTIPPLE
Error fetching https://qb64phoenix.com/qb64wiki/index.php/_GLGETSTRING: 404 Client Error: Not Found for url: https://qb64phoenix.com/qb64wiki/index.php/GLGETSTRING
Error fetching https://qb64phoenix.com/qb64wiki/index.php/_GLGETTEXENVFV: 404 Client Error: Not Found for url: https://qb64phoenix.com/qb64wiki/index.php/GLGETTEXENVFV
Error fetching https://qb64phoenix.com/qb64wiki/index.php/_GLGETTEXENVIV: 404 Client Error: Not Found for url: https://qb64phoenix.com/qb64wiki/index.php/GLGETTEXENVIV
Error fetching https://qb64phoenix.com/qb64wiki/index.php/_GLGETTEXGENDV: 404 Client Error: Not Found for url: https://qb64phoenix.com/qb64wiki/index.php/GLGETTEXGENDV
Error fetching https://qb64phoenix.com/qb64wiki/index.php/_GLGETTEXGENFV: 404 Client Error: Not Found for url: https://qb64phoenix.com/qb64wiki/index.php/GLGETTEXGENFV
Error fetching https://qb64phoenix.com/qb64wiki/index.php/_GLGETTEXGENIV: 404 Client Error: Not Found for url: https://qb64phoenix.com/qb64wiki/index.php/GLGETTEXGENIV
Error fetching https://qb64phoenix.com/qb64wiki/index.php/_GLGETTEXIMAGE: 404 Client Error: Not Found for url: https://qb64phoenix.com/qb64wiki/index.php/GLGETTEXIMAGE
Error fetching https://qb64phoenix.com/qb64wiki/index.php/_GLGETTEXLEVELPARAMETERFV: 404 Client Error: Not Found for url: https://qb64phoenix.com/qb64wiki/index.php/GLGETTEXLEVELPARAMETERFV
Error fetching https://qb64phoenix.com/qb64wiki/index.php/_GLGETTEXLEVELPARAMETERIV: 404 Client Error: Not Found for url: https://qb64phoenix.com/qb64wiki/index.php/GLGETTEXLEVELPARAMETERIV
Error fetching https://qb64phoenix.com/qb64wiki/index.php/_GLGETTEXPARAMETERFV: 404 Client Error: Not Found for url: https://qb64phoenix.com/qb64wiki/index.php/GLGETTEXPARAMETERFV
Error fetching https://qb64phoenix.com/qb64wiki/index.php/_GLGETTEXPARAMETERIV: 404 Client Error: Not Found for url: https://qb64phoenix.com/qb64wiki/index.php/GLGETTEXPARAMETERIV
Error fetching https://qb64phoenix.com/qb64wiki/index.php/_GLHINT: 404 Client Error: Not Found for url: https://qb64phoenix.com/qb64wiki/index.php/GLHINT
Error fetching https://qb64phoenix.com/qb64wiki/index.php/_GLINDEXMASK: 404 Client Error: Not Found for url: https://qb64phoenix.com/qb64wiki/index.php/GLINDEXMASK
Error fetching https://qb64phoenix.com/qb64wiki/index.php/_GLINDEXPOINTER: 404 Client Error: Not Found for url: https://qb64phoenix.com/qb64wiki/index.php/GLINDEXPOINTER
Error fetching https://qb64phoenix.com/qb64wiki/index.php/_GLINDEXD: 404 Client Error: Not Found for url: https://qb64phoenix.com/qb64wiki/index.php/GLINDEXD
Error fetching https://qb64phoenix.com/qb64wiki/index.php/_GLINDEXDV: 404 Client Error: Not Found for url: https://qb64phoenix.com/qb64wiki/index.php/GLINDEXDV
Error fetching https://qb64phoenix.com/qb64wiki/index.php/_GLINDEXF: 404 Client Error: Not Found for url: https://qb64phoenix.com/qb64wiki/index.php/GLINDEXF
Error fetching https://qb64phoenix.com/qb64wiki/index.php/_GLINDEXFV: 404 Client Error: Not Found for url: https://qb64phoenix.com/qb64wiki/index.php/GLINDEXFV
Error fetching https://qb64phoenix.com/qb64wiki/index.php/_GLINDEXI: 404 Client Error: Not Found for url: https://qb64phoenix.com/qb64wiki/index.php/GLINDEXI
Error fetching https://qb64phoenix.com/qb64wiki/index.php/_GLINDEXIV: 404 Client Error: Not Found for url: https://qb64phoenix.com/qb64wiki/index.php/GLINDEXIV
Error fetching https://qb64phoenix.com/qb64wiki/index.php/_GLINDEXS: 404 Client Error: Not Found for url: https://qb64phoenix.com/qb64wiki/index.php/GLINDEXS
Error fetching https://qb64phoenix.com/qb64wiki/index.php/_GLINDEXSV: 404 Client Error: Not Found for url: https://qb64phoenix.com/qb64wiki/index.php/GLINDEXSV
Error fetching https://qb64phoenix.com/qb64wiki/index.php/_GLINDEXUB: 404 Client Error: Not Found for url: https://qb64phoenix.com/qb64wiki/index.php/GLINDEXUB
Error fetching https://qb64phoenix.com/qb64wiki/index.php/_GLINDEXUBV: 404 Client Error: Not Found for url: https://qb64phoenix.com/qb64wiki/index.php/GLINDEXUBV
Error fetching https://qb64phoenix.com/qb64wiki/index.php/_GLINITNAMES: 404 Client Error: Not Found for url: https://qb64phoenix.com/qb64wiki/index.php/GLINITNAMES
Error fetching https://qb64phoenix.com/qb64wiki/index.php/_GLINTERLEAVEDARRAYS: 404 Client Error: Not Found for url: https://qb64phoenix.com/qb64wiki/index.php/GLINTERLEAVEDARRAYS
Error fetching https://qb64phoenix.com/qb64wiki/index.php/_GLISENABLED: 404 Client Error: Not Found for url: https://qb64phoenix.com/qb64wiki/index.php/GLISENABLED
Error fetching https://qb64phoenix.com/qb64wiki/index.php/_GLISLIST: 404 Client Error: Not Found for url: https://qb64phoenix.com/qb64wiki/index.php/GLISLIST
Error fetching https://qb64phoenix.com/qb64wiki/index.php/_GLISTEXTURE: 404 Client Error: Not Found for url: https://qb64phoenix.com/qb64wiki/index.php/GLISTEXTURE
Error fetching https://qb64phoenix.com/qb64wiki/index.php/_GLLIGHTMODELF: 404 Client Error: Not Found for url: https://qb64phoenix.com/qb64wiki/index.php/GLLIGHTMODELF
Error fetching https://qb64phoenix.com/qb64wiki/index.php/_GLLIGHTMODELFV: 404 Client Error: Not Found for url: https://qb64phoenix.com/qb64wiki/index.php/GLLIGHTMODELFV
Error fetching https://qb64phoenix.com/qb64wiki/index.php/_GLLIGHTMODELI: 404 Client Error: Not Found for url: https://qb64phoenix.com/qb64wiki/index.php/GLLIGHTMODELI
Error fetching https://qb64phoenix.com/qb64wiki/index.php/_GLLIGHTMODELIV: 404 Client Error: Not Found for url: https://qb64phoenix.com/qb64wiki/index.php/GLLIGHTMODELIV
Error fetching https://qb64phoenix.com/qb64wiki/index.php/_GLLIGHTF: 404 Client Error: Not Found for url: https://qb64phoenix.com/qb64wiki/index.php/GLLIGHTF
Error fetching https://qb64phoenix.com/qb64wiki/index.php/_GLLIGHTFV: 404 Client Error: Not Found for url: https://qb64phoenix.com/qb64wiki/index.php/GLLIGHTFV
Error fetching https://qb64phoenix.com/qb64wiki/index.php/_GLLIGHTI: 404 Client Error: Not Found for url: https://qb64phoenix.com/qb64wiki/index.php/GLLIGHTI
Error fetching https://qb64phoenix.com/qb64wiki/index.php/_GLLIGHTIV: 404 Client Error: Not Found for url: https://qb64phoenix.com/qb64wiki/index.php/GLLIGHTIV
Error fetching https://qb64phoenix.com/qb64wiki/index.php/_GLLINESTIPPLE: 404 Client Error: Not Found for url: https://qb64phoenix.com/qb64wiki/index.php/GLLINESTIPPLE
Error fetching https://qb64phoenix.com/qb64wiki/index.php/_GLLINEWIDTH: 404 Client Error: Not Found for url: https://qb64phoenix.com/qb64wiki/index.php/GLLINEWIDTH
Error fetching https://qb64phoenix.com/qb64wiki/index.php/_GLLISTBASE: 404 Client Error: Not Found for url: https://qb64phoenix.com/qb64wiki/index.php/GLLISTBASE
Error fetching https://qb64phoenix.com/qb64wiki/index.php/_GLLOADIDENTITY: 404 Client Error: Not Found for url: https://qb64phoenix.com/qb64wiki/index.php/GLLOADIDENTITY
Error fetching https://qb64phoenix.com/qb64wiki/index.php/_GLLOADMATRIXD: 404 Client Error: Not Found for url: https://qb64phoenix.com/qb64wiki/index.php/GLLOADMATRIXD
Error fetching https://qb64phoenix.com/qb64wiki/index.php/_GLLOADMATRIXF: 404 Client Error: Not Found for url: https://qb64phoenix.com/qb64wiki/index.php/GLLOADMATRIXF
Error fetching https://qb64phoenix.com/qb64wiki/index.php/_GLLOADNAME: 404 Client Error: Not Found for url: https://qb64phoenix.com/qb64wiki/index.php/GLLOADNAME
Error fetching https://qb64phoenix.com/qb64wiki/index.php/_GLLOGICOP: 404 Client Error: Not Found for url: https://qb64phoenix.com/qb64wiki/index.php/GLLOGICOP
Error fetching https://qb64phoenix.com/qb64wiki/index.php/_GLMAP1D: 404 Client Error: Not Found for url: https://qb64phoenix.com/qb64wiki/index.php/GLMAP1D
Error fetching https://qb64phoenix.com/qb64wiki/index.php/_GLMAP1F: 404 Client Error: Not Found for url: https://qb64phoenix.com/qb64wiki/index.php/GLMAP1F
Error fetching https://qb64phoenix.com/qb64wiki/index.php/_GLMAP2D: 404 Client Error: Not Found for url: https://qb64phoenix.com/qb64wiki/index.php/GLMAP2D
Error fetching https://qb64phoenix.com/qb64wiki/index.php/_GLMAP2F: 404 Client Error: Not Found for url: https://qb64phoenix.com/qb64wiki/index.php/GLMAP2F
Error fetching https://qb64phoenix.com/qb64wiki/index.php/_GLMAPGRID1D: 404 Client Error: Not Found for url: https://qb64phoenix.com/qb64wiki/index.php/GLMAPGRID1D
Error fetching https://qb64phoenix.com/qb64wiki/index.php/_GLMAPGRID1F: 404 Client Error: Not Found for url: https://qb64phoenix.com/qb64wiki/index.php/GLMAPGRID1F
Error fetching https://qb64phoenix.com/qb64wiki/index.php/_GLMAPGRID2D: 404 Client Error: Not Found for url: https://qb64phoenix.com/qb64wiki/index.php/GLMAPGRID2D
Error fetching https://qb64phoenix.com/qb64wiki/index.php/_GLMAPGRID2F: 404 Client Error: Not Found for url: https://qb64phoenix.com/qb64wiki/index.php/GLMAPGRID2F
Error fetching https://qb64phoenix.com/qb64wiki/index.php/_GLMATERIALF: 404 Client Error: Not Found for url: https://qb64phoenix.com/qb64wiki/index.php/GLMATERIALF
Error fetching https://qb64phoenix.com/qb64wiki/index.php/_GLMATERIALFV: 404 Client Error: Not Found for url: https://qb64phoenix.com/qb64wiki/index.php/GLMATERIALFV
Error fetching https://qb64phoenix.com/qb64wiki/index.php/_GLMATERIALI: 404 Client Error: Not Found for url: https://qb64phoenix.com/qb64wiki/index.php/GLMATERIALI
Error fetching https://qb64phoenix.com/qb64wiki/index.php/_GLMATERIALIV: 404 Client Error: Not Found for url: https://qb64phoenix.com/qb64wiki/index.php/GLMATERIALIV
Error fetching https://qb64phoenix.com/qb64wiki/index.php/_GLMATRIXMODE: 404 Client Error: Not Found for url: https://qb64phoenix.com/qb64wiki/index.php/GLMATRIXMODE
Error fetching https://qb64phoenix.com/qb64wiki/index.php/_GLMULTMATRIXD: 404 Client Error: Not Found for url: https://qb64phoenix.com/qb64wiki/index.php/GLMULTMATRIXD
Error fetching https://qb64phoenix.com/qb64wiki/index.php/_GLMULTMATRIXF: 404 Client Error: Not Found for url: https://qb64phoenix.com/qb64wiki/index.php/GLMULTMATRIXF
Error fetching https://qb64phoenix.com/qb64wiki/index.php/_GLNEWLIST: 404 Client Error: Not Found for url: https://qb64phoenix.com/qb64wiki/index.php/GLNEWLIST
Error fetching https://qb64phoenix.com/qb64wiki/index.php/_GLNORMAL3B: 404 Client Error: Not Found for url: https://qb64phoenix.com/qb64wiki/index.php/GLNORMAL3B
Error fetching https://qb64phoenix.com/qb64wiki/index.php/_GLNORMAL3BV: 404 Client Error: Not Found for url: https://qb64phoenix.com/qb64wiki/index.php/GLNORMAL3BV
Error fetching https://qb64phoenix.com/qb64wiki/index.php/_GLNORMAL3D: 404 Client Error: Not Found for url: https://qb64phoenix.com/qb64wiki/index.php/GLNORMAL3D
Error fetching https://qb64phoenix.com/qb64wiki/index.php/_GLNORMAL3DV: 404 Client Error: Not Found for url: https://qb64phoenix.com/qb64wiki/index.php/GLNORMAL3DV
Error fetching https://qb64phoenix.com/qb64wiki/index.php/_GLNORMAL3F: 404 Client Error: Not Found for url: https://qb64phoenix.com/qb64wiki/index.php/GLNORMAL3F
Error fetching https://qb64phoenix.com/qb64wiki/index.php/_GLNORMAL3FV: 404 Client Error: Not Found for url: https://qb64phoenix.com/qb64wiki/index.php/GLNORMAL3FV
Error fetching https://qb64phoenix.com/qb64wiki/index.php/_GLNORMAL3I: 404 Client Error: Not Found for url: https://qb64phoenix.com/qb64wiki/index.php/GLNORMAL3I
Error fetching https://qb64phoenix.com/qb64wiki/index.php/_GLNORMAL3IV: 404 Client Error: Not Found for url: https://qb64phoenix.com/qb64wiki/index.php/GLNORMAL3IV
Error fetching https://qb64phoenix.com/qb64wiki/index.php/_GLNORMAL3S: 404 Client Error: Not Found for url: https://qb64phoenix.com/qb64wiki/index.php/GLNORMAL3S
Error fetching https://qb64phoenix.com/qb64wiki/index.php/_GLNORMAL3SV: 404 Client Error: Not Found for url: https://qb64phoenix.com/qb64wiki/index.php/GLNORMAL3SV
Error fetching https://qb64phoenix.com/qb64wiki/index.php/_GLNORMALPOINTER: 404 Client Error: Not Found for url: https://qb64phoenix.com/qb64wiki/index.php/GLNORMALPOINTER
Error fetching https://qb64phoenix.com/qb64wiki/index.php/_GLORTHO: 404 Client Error: Not Found for url: https://qb64phoenix.com/qb64wiki/index.php/GLORTHO
Error fetching https://qb64phoenix.com/qb64wiki/index.php/_GLPASSTHROUGH: 404 Client Error: Not Found for url: https://qb64phoenix.com/qb64wiki/index.php/GLPASSTHROUGH
Error fetching https://qb64phoenix.com/qb64wiki/index.php/_GLPIXELMAPFV: 404 Client Error: Not Found for url: https://qb64phoenix.com/qb64wiki/index.php/GLPIXELMAPFV
Error fetching https://qb64phoenix.com/qb64wiki/index.php/_GLPIXELMAPUIV: 404 Client Error: Not Found for url: https://qb64phoenix.com/qb64wiki/index.php/GLPIXELMAPUIV
Error fetching https://qb64phoenix.com/qb64wiki/index.php/_GLPIXELMAPUSV: 404 Client Error: Not Found for url: https://qb64phoenix.com/qb64wiki/index.php/GLPIXELMAPUSV
Error fetching https://qb64phoenix.com/qb64wiki/index.php/_GLPIXELSTOREF: 404 Client Error: Not Found for url: https://qb64phoenix.com/qb64wiki/index.php/GLPIXELSTOREF
Error fetching https://qb64phoenix.com/qb64wiki/index.php/_GLPIXELSTOREI: 404 Client Error: Not Found for url: https://qb64phoenix.com/qb64wiki/index.php/GLPIXELSTOREI
Error fetching https://qb64phoenix.com/qb64wiki/index.php/_GLPIXELTRANSFERF: 404 Client Error: Not Found for url: https://qb64phoenix.com/qb64wiki/index.php/GLPIXELTRANSFERF
Error fetching https://qb64phoenix.com/qb64wiki/index.php/_GLPIXELTRANSFERI: 404 Client Error: Not Found for url: https://qb64phoenix.com/qb64wiki/index.php/GLPIXELTRANSFERI
Error fetching https://qb64phoenix.com/qb64wiki/index.php/_GLPIXELZOOM: 404 Client Error: Not Found for url: https://qb64phoenix.com/qb64wiki/index.php/GLPIXELZOOM
Error fetching https://qb64phoenix.com/qb64wiki/index.php/_GLPOINTSIZE: 404 Client Error: Not Found for url: https://qb64phoenix.com/qb64wiki/index.php/GLPOINTSIZE
Error fetching https://qb64phoenix.com/qb64wiki/index.php/_GLPOLYGONMODE: 404 Client Error: Not Found for url: https://qb64phoenix.com/qb64wiki/index.php/GLPOLYGONMODE
Error fetching https://qb64phoenix.com/qb64wiki/index.php/_GLPOLYGONOFFSET: 404 Client Error: Not Found for url: https://qb64phoenix.com/qb64wiki/index.php/GLPOLYGONOFFSET
Error fetching https://qb64phoenix.com/qb64wiki/index.php/_GLPOLYGONSTIPPLE: 404 Client Error: Not Found for url: https://qb64phoenix.com/qb64wiki/index.php/GLPOLYGONSTIPPLE
Error fetching https://qb64phoenix.com/qb64wiki/index.php/_GLPOPATTRIB: 404 Client Error: Not Found for url: https://qb64phoenix.com/qb64wiki/index.php/GLPOPATTRIB
Error fetching https://qb64phoenix.com/qb64wiki/index.php/_GLPOPCLIENTATTRIB: 404 Client Error: Not Found for url: https://qb64phoenix.com/qb64wiki/index.php/GLPOPCLIENTATTRIB
Error fetching https://qb64phoenix.com/qb64wiki/index.php/_GLPOPMATRIX: 404 Client Error: Not Found for url: https://qb64phoenix.com/qb64wiki/index.php/GLPOPMATRIX
Error fetching https://qb64phoenix.com/qb64wiki/index.php/_GLPOPNAME: 404 Client Error: Not Found for url: https://qb64phoenix.com/qb64wiki/index.php/GLPOPNAME
Error fetching https://qb64phoenix.com/qb64wiki/index.php/_GLPRIORITIZETEXTURES: 404 Client Error: Not Found for url: https://qb64phoenix.com/qb64wiki/index.php/GLPRIORITIZETEXTURES
Error fetching https://qb64phoenix.com/qb64wiki/index.php/_GLPUSHATTRIB: 404 Client Error: Not Found for url: https://qb64phoenix.com/qb64wiki/index.php/GLPUSHATTRIB
Error fetching https://qb64phoenix.com/qb64wiki/index.php/_GLPUSHCLIENTATTRIB: 404 Client Error: Not Found for url: https://qb64phoenix.com/qb64wiki/index.php/GLPUSHCLIENTATTRIB
Error fetching https://qb64phoenix.com/qb64wiki/index.php/_GLPUSHMATRIX: 404 Client Error: Not Found for url: https://qb64phoenix.com/qb64wiki/index.php/GLPUSHMATRIX
Error fetching https://qb64phoenix.com/qb64wiki/index.php/_GLPUSHNAME: 404 Client Error: Not Found for url: https://qb64phoenix.com/qb64wiki/index.php/GLPUSHNAME
Error fetching https://qb64phoenix.com/qb64wiki/index.php/_GLRASTERPOS2D: 404 Client Error: Not Found for url: https://qb64phoenix.com/qb64wiki/index.php/GLRASTERPOS2D
Error fetching https://qb64phoenix.com/qb64wiki/index.php/_GLRASTERPOS2DV: 404 Client Error: Not Found for url: https://qb64phoenix.com/qb64wiki/index.php/GLRASTERPOS2DV
Error fetching https://qb64phoenix.com/qb64wiki/index.php/_GLRASTERPOS2F: 404 Client Error: Not Found for url: https://qb64phoenix.com/qb64wiki/index.php/GLRASTERPOS2F
Error fetching https://qb64phoenix.com/qb64wiki/index.php/_GLRASTERPOS2FV: 404 Client Error: Not Found for url: https://qb64phoenix.com/qb64wiki/index.php/GLRASTERPOS2FV
Error fetching https://qb64phoenix.com/qb64wiki/index.php/_GLRASTERPOS2I: 404 Client Error: Not Found for url: https://qb64phoenix.com/qb64wiki/index.php/GLRASTERPOS2I
Error fetching https://qb64phoenix.com/qb64wiki/index.php/_GLRASTERPOS2IV: 404 Client Error: Not Found for url: https://qb64phoenix.com/qb64wiki/index.php/GLRASTERPOS2IV
Error fetching https://qb64phoenix.com/qb64wiki/index.php/_GLRASTERPOS2S: 404 Client Error: Not Found for url: https://qb64phoenix.com/qb64wiki/index.php/GLRASTERPOS2S
Error fetching https://qb64phoenix.com/qb64wiki/index.php/_GLRASTERPOS2SV: 404 Client Error: Not Found for url: https://qb64phoenix.com/qb64wiki/index.php/GLRASTERPOS2SV
Error fetching https://qb64phoenix.com/qb64wiki/index.php/_GLRASTERPOS3D: 404 Client Error: Not Found for url: https://qb64phoenix.com/qb64wiki/index.php/GLRASTERPOS3D
Error fetching https://qb64phoenix.com/qb64wiki/index.php/_GLRASTERPOS3DV: 404 Client Error: Not Found for url: https://qb64phoenix.com/qb64wiki/index.php/GLRASTERPOS3DV
Error fetching https://qb64phoenix.com/qb64wiki/index.php/_GLRASTERPOS3F: 404 Client Error: Not Found for url: https://qb64phoenix.com/qb64wiki/index.php/GLRASTERPOS3F
Error fetching https://qb64phoenix.com/qb64wiki/index.php/_GLRASTERPOS3FV: 404 Client Error: Not Found for url: https://qb64phoenix.com/qb64wiki/index.php/GLRASTERPOS3FV
Error fetching https://qb64phoenix.com/qb64wiki/index.php/_GLRASTERPOS3I: 404 Client Error: Not Found for url: https://qb64phoenix.com/qb64wiki/index.php/GLRASTERPOS3I
Error fetching https://qb64phoenix.com/qb64wiki/index.php/_GLRASTERPOS3IV: 404 Client Error: Not Found for url: https://qb64phoenix.com/qb64wiki/index.php/GLRASTERPOS3IV
Error fetching https://qb64phoenix.com/qb64wiki/index.php/_GLRASTERPOS3S: 404 Client Error: Not Found for url: https://qb64phoenix.com/qb64wiki/index.php/GLRASTERPOS3S
Error fetching https://qb64phoenix.com/qb64wiki/index.php/_GLRASTERPOS3SV: 404 Client Error: Not Found for url: https://qb64phoenix.com/qb64wiki/index.php/GLRASTERPOS3SV
Error fetching https://qb64phoenix.com/qb64wiki/index.php/_GLRASTERPOS4D: 404 Client Error: Not Found for url: https://qb64phoenix.com/qb64wiki/index.php/GLRASTERPOS4D
Error fetching https://qb64phoenix.com/qb64wiki/index.php/_GLRASTERPOS4DV: 404 Client Error: Not Found for url: https://qb64phoenix.com/qb64wiki/index.php/GLRASTERPOS4DV
Error fetching https://qb64phoenix.com/qb64wiki/index.php/_GLRASTERPOS4F: 404 Client Error: Not Found for url: https://qb64phoenix.com/qb64wiki/index.php/GLRASTERPOS4F
Error fetching https://qb64phoenix.com/qb64wiki/index.php/_GLRASTERPOS4FV: 404 Client Error: Not Found for url: https://qb64phoenix.com/qb64wiki/index.php/GLRASTERPOS4FV
Error fetching https://qb64phoenix.com/qb64wiki/index.php/_GLRASTERPOS4I: 404 Client Error: Not Found for url: https://qb64phoenix.com/qb64wiki/index.php/GLRASTERPOS4I
Error fetching https://qb64phoenix.com/qb64wiki/index.php/_GLRASTERPOS4IV: 404 Client Error: Not Found for url: https://qb64phoenix.com/qb64wiki/index.php/GLRASTERPOS4IV
Error fetching https://qb64phoenix.com/qb64wiki/index.php/_GLRASTERPOS4S: 404 Client Error: Not Found for url: https://qb64phoenix.com/qb64wiki/index.php/GLRASTERPOS4S
Error fetching https://qb64phoenix.com/qb64wiki/index.php/_GLRASTERPOS4SV: 404 Client Error: Not Found for url: https://qb64phoenix.com/qb64wiki/index.php/GLRASTERPOS4SV
Error fetching https://qb64phoenix.com/qb64wiki/index.php/_GLREADBUFFER: 404 Client Error: Not Found for url: https://qb64phoenix.com/qb64wiki/index.php/GLREADBUFFER
Error fetching https://qb64phoenix.com/qb64wiki/index.php/_GLREADPIXELS: 404 Client Error: Not Found for url: https://qb64phoenix.com/qb64wiki/index.php/GLREADPIXELS
Error fetching https://qb64phoenix.com/qb64wiki/index.php/_GLRECTD: 404 Client Error: Not Found for url: https://qb64phoenix.com/qb64wiki/index.php/GLRECTD
Error fetching https://qb64phoenix.com/qb64wiki/index.php/_GLRECTDV: 404 Client Error: Not Found for url: https://qb64phoenix.com/qb64wiki/index.php/GLRECTDV
Error fetching https://qb64phoenix.com/qb64wiki/index.php/_GLRECTF: 404 Client Error: Not Found for url: https://qb64phoenix.com/qb64wiki/index.php/GLRECTF
Error fetching https://qb64phoenix.com/qb64wiki/index.php/_GLRECTFV: 404 Client Error: Not Found for url: https://qb64phoenix.com/qb64wiki/index.php/GLRECTFV
Error fetching https://qb64phoenix.com/qb64wiki/index.php/_GLRECTI: 404 Client Error: Not Found for url: https://qb64phoenix.com/qb64wiki/index.php/GLRECTI
Error fetching https://qb64phoenix.com/qb64wiki/index.php/_GLRECTIV: 404 Client Error: Not Found for url: https://qb64phoenix.com/qb64wiki/index.php/GLRECTIV
Error fetching https://qb64phoenix.com/qb64wiki/index.php/_GLRECTS: 404 Client Error: Not Found for url: https://qb64phoenix.com/qb64wiki/index.php/GLRECTS
Error fetching https://qb64phoenix.com/qb64wiki/index.php/_GLRECTSV: 404 Client Error: Not Found for url: https://qb64phoenix.com/qb64wiki/index.php/GLRECTSV
Error fetching https://qb64phoenix.com/qb64wiki/index.php/_GLRENDERMODE: 404 Client Error: Not Found for url: https://qb64phoenix.com/qb64wiki/index.php/GLRENDERMODE
Error fetching https://qb64phoenix.com/qb64wiki/index.php/_GLROTATED: 404 Client Error: Not Found for url: https://qb64phoenix.com/qb64wiki/index.php/GLROTATED
Error fetching https://qb64phoenix.com/qb64wiki/index.php/_GLROTATEF: 404 Client Error: Not Found for url: https://qb64phoenix.com/qb64wiki/index.php/GLROTATEF
Error fetching https://qb64phoenix.com/qb64wiki/index.php/_GLSCALED: 404 Client Error: Not Found for url: https://qb64phoenix.com/qb64wiki/index.php/GLSCALED
Error fetching https://qb64phoenix.com/qb64wiki/index.php/_GLSCALEF: 404 Client Error: Not Found for url: https://qb64phoenix.com/qb64wiki/index.php/GLSCALEF
Error fetching https://qb64phoenix.com/qb64wiki/index.php/_GLSCISSOR: 404 Client Error: Not Found for url: https://qb64phoenix.com/qb64wiki/index.php/GLSCISSOR
Error fetching https://qb64phoenix.com/qb64wiki/index.php/_GLSELECTBUFFER: 404 Client Error: Not Found for url: https://qb64phoenix.com/qb64wiki/index.php/GLSELECTBUFFER
Error fetching https://qb64phoenix.com/qb64wiki/index.php/_GLSHADEMODEL: 404 Client Error: Not Found for url: https://qb64phoenix.com/qb64wiki/index.php/GLSHADEMODEL
Error fetching https://qb64phoenix.com/qb64wiki/index.php/_GLSTENCILFUNC: 404 Client Error: Not Found for url: https://qb64phoenix.com/qb64wiki/index.php/GLSTENCILFUNC
Error fetching https://qb64phoenix.com/qb64wiki/index.php/_GLSTENCILMASK: 404 Client Error: Not Found for url: https://qb64phoenix.com/qb64wiki/index.php/GLSTENCILMASK
Error fetching https://qb64phoenix.com/qb64wiki/index.php/_GLSTENCILOP: 404 Client Error: Not Found for url: https://qb64phoenix.com/qb64wiki/index.php/GLSTENCILOP
Error fetching https://qb64phoenix.com/qb64wiki/index.php/_GLTEXCOORD1D: 404 Client Error: Not Found for url: https://qb64phoenix.com/qb64wiki/index.php/GLTEXCOORD1D
Error fetching https://qb64phoenix.com/qb64wiki/index.php/_GLTEXCOORD1DV: 404 Client Error: Not Found for url: https://qb64phoenix.com/qb64wiki/index.php/GLTEXCOORD1DV
Error fetching https://qb64phoenix.com/qb64wiki/index.php/_GLTEXCOORD1F: 404 Client Error: Not Found for url: https://qb64phoenix.com/qb64wiki/index.php/GLTEXCOORD1F
Error fetching https://qb64phoenix.com/qb64wiki/index.php/_GLTEXCOORD1FV: 404 Client Error: Not Found for url: https://qb64phoenix.com/qb64wiki/index.php/GLTEXCOORD1FV
Error fetching https://qb64phoenix.com/qb64wiki/index.php/_GLTEXCOORD1I: 404 Client Error: Not Found for url: https://qb64phoenix.com/qb64wiki/index.php/GLTEXCOORD1I
Error fetching https://qb64phoenix.com/qb64wiki/index.php/_GLTEXCOORD1IV: 404 Client Error: Not Found for url: https://qb64phoenix.com/qb64wiki/index.php/GLTEXCOORD1IV
Error fetching https://qb64phoenix.com/qb64wiki/index.php/_GLTEXCOORD1S: 404 Client Error: Not Found for url: https://qb64phoenix.com/qb64wiki/index.php/GLTEXCOORD1S
Error fetching https://qb64phoenix.com/qb64wiki/index.php/_GLTEXCOORD1SV: 404 Client Error: Not Found for url: https://qb64phoenix.com/qb64wiki/index.php/GLTEXCOORD1SV
Error fetching https://qb64phoenix.com/qb64wiki/index.php/_GLTEXCOORD2D: 404 Client Error: Not Found for url: https://qb64phoenix.com/qb64wiki/index.php/GLTEXCOORD2D
Error fetching https://qb64phoenix.com/qb64wiki/index.php/_GLTEXCOORD2DV: 404 Client Error: Not Found for url: https://qb64phoenix.com/qb64wiki/index.php/GLTEXCOORD2DV
Error fetching https://qb64phoenix.com/qb64wiki/index.php/_GLTEXCOORD2F: 404 Client Error: Not Found for url: https://qb64phoenix.com/qb64wiki/index.php/GLTEXCOORD2F
Error fetching https://qb64phoenix.com/qb64wiki/index.php/_GLTEXCOORD2FV: 404 Client Error: Not Found for url: https://qb64phoenix.com/qb64wiki/index.php/GLTEXCOORD2FV
Error fetching https://qb64phoenix.com/qb64wiki/index.php/_GLTEXCOORD2I: 404 Client Error: Not Found for url: https://qb64phoenix.com/qb64wiki/index.php/GLTEXCOORD2I
Error fetching https://qb64phoenix.com/qb64wiki/index.php/_GLTEXCOORD2IV: 404 Client Error: Not Found for url: https://qb64phoenix.com/qb64wiki/index.php/GLTEXCOORD2IV
Error fetching https://qb64phoenix.com/qb64wiki/index.php/_GLTEXCOORD2S: 404 Client Error: Not Found for url: https://qb64phoenix.com/qb64wiki/index.php/GLTEXCOORD2S
Error fetching https://qb64phoenix.com/qb64wiki/index.php/_GLTEXCOORD2SV: 404 Client Error: Not Found for url: https://qb64phoenix.com/qb64wiki/index.php/GLTEXCOORD2SV
Error fetching https://qb64phoenix.com/qb64wiki/index.php/_GLTEXCOORD3D: 404 Client Error: Not Found for url: https://qb64phoenix.com/qb64wiki/index.php/GLTEXCOORD3D
Error fetching https://qb64phoenix.com/qb64wiki/index.php/_GLTEXCOORD3DV: 404 Client Error: Not Found for url: https://qb64phoenix.com/qb64wiki/index.php/GLTEXCOORD3DV
Error fetching https://qb64phoenix.com/qb64wiki/index.php/_GLTEXCOORD3F: 404 Client Error: Not Found for url: https://qb64phoenix.com/qb64wiki/index.php/GLTEXCOORD3F
Error fetching https://qb64phoenix.com/qb64wiki/index.php/_GLTEXCOORD3FV: 404 Client Error: Not Found for url: https://qb64phoenix.com/qb64wiki/index.php/GLTEXCOORD3FV
Error fetching https://qb64phoenix.com/qb64wiki/index.php/_GLTEXCOORD3I: 404 Client Error: Not Found for url: https://qb64phoenix.com/qb64wiki/index.php/GLTEXCOORD3I
Error fetching https://qb64phoenix.com/qb64wiki/index.php/_GLTEXCOORD3IV: 404 Client Error: Not Found for url: https://qb64phoenix.com/qb64wiki/index.php/GLTEXCOORD3IV
Error fetching https://qb64phoenix.com/qb64wiki/index.php/_GLTEXCOORD3S: 404 Client Error: Not Found for url: https://qb64phoenix.com/qb64wiki/index.php/GLTEXCOORD3S
Error fetching https://qb64phoenix.com/qb64wiki/index.php/_GLTEXCOORD3SV: 404 Client Error: Not Found for url: https://qb64phoenix.com/qb64wiki/index.php/GLTEXCOORD3SV
Error fetching https://qb64phoenix.com/qb64wiki/index.php/_GLTEXCOORD4D: 404 Client Error: Not Found for url: https://qb64phoenix.com/qb64wiki/index.php/GLTEXCOORD4D
Error fetching https://qb64phoenix.com/qb64wiki/index.php/_GLTEXCOORD4DV: 404 Client Error: Not Found for url: https://qb64phoenix.com/qb64wiki/index.php/GLTEXCOORD4DV
Error fetching https://qb64phoenix.com/qb64wiki/index.php/_GLTEXCOORD4F: 404 Client Error: Not Found for url: https://qb64phoenix.com/qb64wiki/index.php/GLTEXCOORD4F
Error fetching https://qb64phoenix.com/qb64wiki/index.php/_GLTEXCOORD4FV: 404 Client Error: Not Found for url: https://qb64phoenix.com/qb64wiki/index.php/GLTEXCOORD4FV
Error fetching https://qb64phoenix.com/qb64wiki/index.php/_GLTEXCOORD4I: 404 Client Error: Not Found for url: https://qb64phoenix.com/qb64wiki/index.php/GLTEXCOORD4I
Error fetching https://qb64phoenix.com/qb64wiki/index.php/_GLTEXCOORD4IV: 404 Client Error: Not Found for url: https://qb64phoenix.com/qb64wiki/index.php/GLTEXCOORD4IV
Error fetching https://qb64phoenix.com/qb64wiki/index.php/_GLTEXCOORD4S: 404 Client Error: Not Found for url: https://qb64phoenix.com/qb64wiki/index.php/GLTEXCOORD4S
Error fetching https://qb64phoenix.com/qb64wiki/index.php/_GLTEXCOORD4SV: 404 Client Error: Not Found for url: https://qb64phoenix.com/qb64wiki/index.php/GLTEXCOORD4SV
Error fetching https://qb64phoenix.com/qb64wiki/index.php/_GLTEXCOORDPOINTER: 404 Client Error: Not Found for url: https://qb64phoenix.com/qb64wiki/index.php/GLTEXCOORDPOINTER
Error fetching https://qb64phoenix.com/qb64wiki/index.php/_GLTEXENVF: 404 Client Error: Not Found for url: https://qb64phoenix.com/qb64wiki/index.php/GLTEXENVF
Error fetching https://qb64phoenix.com/qb64wiki/index.php/_GLTEXENVFV: 404 Client Error: Not Found for url: https://qb64phoenix.com/qb64wiki/index.php/GLTEXENVFV
Error fetching https://qb64phoenix.com/qb64wiki/index.php/_GLTEXENVI: 404 Client Error: Not Found for url: https://qb64phoenix.com/qb64wiki/index.php/GLTEXENVI
Error fetching https://qb64phoenix.com/qb64wiki/index.php/_GLTEXENVIV: 404 Client Error: Not Found for url: https://qb64phoenix.com/qb64wiki/index.php/GLTEXENVIV
Error fetching https://qb64phoenix.com/qb64wiki/index.php/_GLTEXGEND: 404 Client Error: Not Found for url: https://qb64phoenix.com/qb64wiki/index.php/GLTEXGEND
Error fetching https://qb64phoenix.com/qb64wiki/index.php/_GLTEXGENDV: 404 Client Error: Not Found for url: https://qb64phoenix.com/qb64wiki/index.php/GLTEXGENDV
Error fetching https://qb64phoenix.com/qb64wiki/index.php/_GLTEXGENF: 404 Client Error: Not Found for url: https://qb64phoenix.com/qb64wiki/index.php/GLTEXGENF
Error fetching https://qb64phoenix.com/qb64wiki/index.php/_GLTEXGENFV: 404 Client Error: Not Found for url: https://qb64phoenix.com/qb64wiki/index.php/GLTEXGENFV
Error fetching https://qb64phoenix.com/qb64wiki/index.php/_GLTEXGENI: 404 Client Error: Not Found for url: https://qb64phoenix.com/qb64wiki/index.php/GLTEXGENI
Error fetching https://qb64phoenix.com/qb64wiki/index.php/_GLTEXGENIV: 404 Client Error: Not Found for url: https://qb64phoenix.com/qb64wiki/index.php/GLTEXGENIV
Error fetching https://qb64phoenix.com/qb64wiki/index.php/_GLTEXIMAGE1D: 404 Client Error: Not Found for url: https://qb64phoenix.com/qb64wiki/index.php/GLTEXIMAGE1D
Error fetching https://qb64phoenix.com/qb64wiki/index.php/_GLTEXIMAGE2D: 404 Client Error: Not Found for url: https://qb64phoenix.com/qb64wiki/index.php/GLTEXIMAGE2D
Error fetching https://qb64phoenix.com/qb64wiki/index.php/_GLTEXPARAMETERF: 404 Client Error: Not Found for url: https://qb64phoenix.com/qb64wiki/index.php/GLTEXPARAMETERF
Error fetching https://qb64phoenix.com/qb64wiki/index.php/_GLTEXPARAMETERFV: 404 Client Error: Not Found for url: https://qb64phoenix.com/qb64wiki/index.php/GLTEXPARAMETERFV
Error fetching https://qb64phoenix.com/qb64wiki/index.php/_GLTEXPARAMETERI: 404 Client Error: Not Found for url: https://qb64phoenix.com/qb64wiki/index.php/GLTEXPARAMETERI
Error fetching https://qb64phoenix.com/qb64wiki/index.php/_GLTEXPARAMETERIV: 404 Client Error: Not Found for url: https://qb64phoenix.com/qb64wiki/index.php/GLTEXPARAMETERIV
Error fetching https://qb64phoenix.com/qb64wiki/index.php/_GLTEXSUBIMAGE1D: 404 Client Error: Not Found for url: https://qb64phoenix.com/qb64wiki/index.php/GLTEXSUBIMAGE1D
Error fetching https://qb64phoenix.com/qb64wiki/index.php/_GLTEXSUBIMAGE2D: 404 Client Error: Not Found for url: https://qb64phoenix.com/qb64wiki/index.php/GLTEXSUBIMAGE2D
Error fetching https://qb64phoenix.com/qb64wiki/index.php/_GLTRANSLATED: 404 Client Error: Not Found for url: https://qb64phoenix.com/qb64wiki/index.php/GLTRANSLATED
Error fetching https://qb64phoenix.com/qb64wiki/index.php/_GLTRANSLATEF: 404 Client Error: Not Found for url: https://qb64phoenix.com/qb64wiki/index.php/GLTRANSLATEF
Error fetching https://qb64phoenix.com/qb64wiki/index.php/_GLVERTEX2D: 404 Client Error: Not Found for url: https://qb64phoenix.com/qb64wiki/index.php/GLVERTEX2D
Error fetching https://qb64phoenix.com/qb64wiki/index.php/_GLVERTEX2DV: 404 Client Error: Not Found for url: https://qb64phoenix.com/qb64wiki/index.php/GLVERTEX2DV
Error fetching https://qb64phoenix.com/qb64wiki/index.php/_GLVERTEX2F: 404 Client Error: Not Found for url: https://qb64phoenix.com/qb64wiki/index.php/GLVERTEX2F
Error fetching https://qb64phoenix.com/qb64wiki/index.php/_GLVERTEX2FV: 404 Client Error: Not Found for url: https://qb64phoenix.com/qb64wiki/index.php/GLVERTEX2FV
Error fetching https://qb64phoenix.com/qb64wiki/index.php/_GLVERTEX2I: 404 Client Error: Not Found for url: https://qb64phoenix.com/qb64wiki/index.php/GLVERTEX2I
Error fetching https://qb64phoenix.com/qb64wiki/index.php/_GLVERTEX2IV: 404 Client Error: Not Found for url: https://qb64phoenix.com/qb64wiki/index.php/GLVERTEX2IV
Error fetching https://qb64phoenix.com/qb64wiki/index.php/_GLVERTEX2S: 404 Client Error: Not Found for url: https://qb64phoenix.com/qb64wiki/index.php/GLVERTEX2S
Error fetching https://qb64phoenix.com/qb64wiki/index.php/_GLVERTEX2SV: 404 Client Error: Not Found for url: https://qb64phoenix.com/qb64wiki/index.php/GLVERTEX2SV
Error fetching https://qb64phoenix.com/qb64wiki/index.php/_GLVERTEX3D: 404 Client Error: Not Found for url: https://qb64phoenix.com/qb64wiki/index.php/GLVERTEX3D
Error fetching https://qb64phoenix.com/qb64wiki/index.php/_GLVERTEX3DV: 404 Client Error: Not Found for url: https://qb64phoenix.com/qb64wiki/index.php/GLVERTEX3DV
Error fetching https://qb64phoenix.com/qb64wiki/index.php/_GLVERTEX3F: 404 Client Error: Not Found for url: https://qb64phoenix.com/qb64wiki/index.php/GLVERTEX3F
Error fetching https://qb64phoenix.com/qb64wiki/index.php/_GLVERTEX3FV: 404 Client Error: Not Found for url: https://qb64phoenix.com/qb64wiki/index.php/GLVERTEX3FV
Error fetching https://qb64phoenix.com/qb64wiki/index.php/_GLVERTEX3I: 404 Client Error: Not Found for url: https://qb64phoenix.com/qb64wiki/index.php/GLVERTEX3I
Error fetching https://qb64phoenix.com/qb64wiki/index.php/_GLVERTEX3IV: 404 Client Error: Not Found for url: https://qb64phoenix.com/qb64wiki/index.php/GLVERTEX3IV
Error fetching https://qb64phoenix.com/qb64wiki/index.php/_GLVERTEX3S: 404 Client Error: Not Found for url: https://qb64phoenix.com/qb64wiki/index.php/GLVERTEX3S
Error fetching https://qb64phoenix.com/qb64wiki/index.php/_GLVERTEX3SV: 404 Client Error: Not Found for url: https://qb64phoenix.com/qb64wiki/index.php/GLVERTEX3SV
Error fetching https://qb64phoenix.com/qb64wiki/index.php/_GLVERTEX4D: 404 Client Error: Not Found for url: https://qb64phoenix.com/qb64wiki/index.php/GLVERTEX4D
Error fetching https://qb64phoenix.com/qb64wiki/index.php/_GLVERTEX4DV: 404 Client Error: Not Found for url: https://qb64phoenix.com/qb64wiki/index.php/GLVERTEX4DV
Error fetching https://qb64phoenix.com/qb64wiki/index.php/_GLVERTEX4F: 404 Client Error: Not Found for url: https://qb64phoenix.com/qb64wiki/index.php/GLVERTEX4F
Error fetching https://qb64phoenix.com/qb64wiki/index.php/_GLVERTEX4FV: 404 Client Error: Not Found for url: https://qb64phoenix.com/qb64wiki/index.php/GLVERTEX4FV
Error fetching https://qb64phoenix.com/qb64wiki/index.php/_GLVERTEX4I: 404 Client Error: Not Found for url: https://qb64phoenix.com/qb64wiki/index.php/GLVERTEX4I
Error fetching https://qb64phoenix.com/qb64wiki/index.php/_GLVERTEX4IV: 404 Client Error: Not Found for url: https://qb64phoenix.com/qb64wiki/index.php/GLVERTEX4IV
Error fetching https://qb64phoenix.com/qb64wiki/index.php/_GLVERTEX4S: 404 Client Error: Not Found for url: https://qb64phoenix.com/qb64wiki/index.php/GLVERTEX4S
Error fetching https://qb64phoenix.com/qb64wiki/index.php/_GLVERTEX4SV: 404 Client Error: Not Found for url: https://qb64phoenix.com/qb64wiki/index.php/GLVERTEX4SV
Error fetching https://qb64phoenix.com/qb64wiki/index.php/_GLVERTEXPOINTER: 404 Client Error: Not Found for url: https://qb64phoenix.com/qb64wiki/index.php/GLVERTEXPOINTER
Error fetching https://qb64phoenix.com/qb64wiki/index.php/_GLVIEWPORT: 404 Client Error: Not Found for url: https://qb64phoenix.com/qb64wiki/index.php/GLVIEWPORT
Processed and saved: markdown_files/SMOOTH.md
Processed and saved: markdown_files/STRETCH.md
Error fetching https://qb64phoenix.com/qb64wiki/index.php/_ANTICLOCKWISE: 404 Client Error: Not Found for url: https://qb64phoenix.com/qb64wiki/index.php/ANTICLOCKWISE
Error fetching https://qb64phoenix.com/qb64wiki/index.php/_BEHIND: 404 Client Error: Not Found for url: https://qb64phoenix.com/qb64wiki/index.php/BEHIND
Processed and saved: markdown_files/_CLEAR.md
Processed and saved: markdown_files/_FILLBACKGROUND.md
Error fetching https://qb64phoenix.com/qb64wiki/index.php/_GLUPERSPECTIVE: 404 Client Error: Not Found for url: https://qb64phoenix.com/qb64wiki/index.php/GLUPERSPECTIVE
Error fetching https://qb64phoenix.com/qb64wiki/index.php/_HARDWARE: 404 Client Error: Not Found for url: https://qb64phoenix.com/qb64wiki/index.php/HARDWARE
Error fetching https://qb64phoenix.com/qb64wiki/index.php/_HARDWARE1: 404 Client Error: Not Found for url: https://qb64phoenix.com/qb64wiki/index.php/HARDWARE1
Processed and saved: markdown_files/_KEEPBACKGROUND.md
Error fetching https://qb64phoenix.com/qb64wiki/index.php/_NONE: 404 Client Error: Not Found for url: https://qb64phoenix.com/qb64wiki/index.php/NONE
Processed and saved: markdown_files/_OFF.md
Processed and saved: markdown_files/_ONLY.md
Processed and saved: markdown_files/_ONLYBACKGROUND.md
Error fetching https://qb64phoenix.com/qb64wiki/index.php/_ONTOP: 404 Client Error: Not Found for url: https://qb64phoenix.com/qb64wiki/index.php/ONTOP
Error fetching https://qb64phoenix.com/qb64wiki/index.php/_SEAMLESS: 404 Client Error: Not Found for url: https://qb64phoenix.com/qb64wiki/index.php/SEAMLESS
Processed and saved: markdown_files/_SMOOTH.md
Error fetching https://qb64phoenix.com/qb64wiki/index.php/_SMOOTHSHRUNK: 404 Client Error: Not Found for url: https://qb64phoenix.com/qb64wiki/index.php/SMOOTHSHRUNK
Error fetching https://qb64phoenix.com/qb64wiki/index.php/_SMOOTHSTRETCHED: 404 Client Error: Not Found for url: https://qb64phoenix.com/qb64wiki/index.php/SMOOTHSTRETCHED
Error fetching https://qb64phoenix.com/qb64wiki/index.php/_SOFTWARE: 404 Client Error: Not Found for url: https://qb64phoenix.com/qb64wiki/index.php/SOFTWARE
Processed and saved: markdown_files/_SQUAREPIXELS.md
Processed and saved: markdown_files/_STRETCH.md
Processed and saved: markdown_files/_ALLOWFULLSCREEN.md
Processed and saved: markdown_files/_ALL.md
Processed and saved: markdown_files/_ECHO.md
Processed and saved: markdown_files/_READFILE$.md
Processed and saved: markdown_files/_WRITEFILE.md
Processed and saved: markdown_files/_INSTRREV.md
Processed and saved: markdown_files/_TRIM$.md
Processed and saved: markdown_files/_ACCEPTFILEDROP.md
Processed and saved: markdown_files/_FINISHDROP.md
Processed and saved: markdown_files/_TOTALDROPPEDFILES.md
Processed and saved: markdown_files/_DROPPEDFILE.md
Processed and saved: markdown_files/_DROPPEDFILE$.md
Processed and saved: markdown_files/_SHR.md
Processed and saved: markdown_files/_SHL.md
Processed and saved: markdown_files/_ROR.md
Processed and saved: markdown_files/_ROL.md
Processed and saved: markdown_files/_ADLER32.md
Processed and saved: markdown_files/_CRC32.md
Processed and saved: markdown_files/_MD5$.md
Processed and saved: markdown_files/_DEFLATE$.md
Processed and saved: markdown_files/_INFLATE$.md
Processed and saved: markdown_files/_READBIT.md
Processed and saved: markdown_files/_RESETBIT.md
Processed and saved: markdown_files/_SETBIT.md
Processed and saved: markdown_files/_TOGGLEBIT.md
Processed and saved: markdown_files/$INCLUDEONCE.md
Processed and saved: markdown_files/$ASSERTS.md
Processed and saved: markdown_files/CONSOLE.md
Processed and saved: markdown_files/_ASSERT.md
Processed and saved: markdown_files/_CAPSLOCK.md
Processed and saved: markdown_files/_NUMLOCK.md
Processed and saved: markdown_files/_SCROLLLOCK.md
Error fetching https://qb64phoenix.com/qb64wiki/index.php/_TOGGLE: 404 Client Error: Not Found for url: https://qb64phoenix.com/qb64wiki/index.php/TOGGLE
Error fetching https://qb64phoenix.com/qb64wiki/index.php/_CONSOLEFONT: 404 Client Error: Not Found for url: https://qb64phoenix.com/qb64wiki/index.php/CONSOLEFONT
Error fetching https://qb64phoenix.com/qb64wiki/index.php/_CONSOLECURSOR: 404 Client Error: Not Found for url: https://qb64phoenix.com/qb64wiki/index.php/CONSOLECURSOR
Processed and saved: markdown_files/_CONSOLEINPUT.md
Processed and saved: markdown_files/_CINP.md
Processed and saved: markdown_files/$NOPREFIX.md
Processed and saved: markdown_files/$COLOR.md
Processed and saved: markdown_files/$DEBUG.md
Processed and saved: markdown_files/$EMBED.md
Processed and saved: markdown_files/_EMBEDDED$.md
Processed and saved: markdown_files/_ENVIRONCOUNT.md
Processed and saved: markdown_files/$UNSTABLE.md
Processed and saved: markdown_files/$MIDISOUNDFONT.md
Processed and saved: markdown_files/_NOTIFYPOPUP.md
Processed and saved: markdown_files/_MESSAGEBOX.md
Processed and saved: markdown_files/_INPUTBOX$.md
Processed and saved: markdown_files/_SELECTFOLDERDIALOG$.md
Processed and saved: markdown_files/_COLORCHOOSERDIALOG.md
Processed and saved: markdown_files/_OPENFILEDIALOG$.md
Processed and saved: markdown_files/_SAVEFILEDIALOG$.md
Processed and saved: markdown_files/_SAVEIMAGE.md
Processed and saved: markdown_files/_FILES$.md
Processed and saved: markdown_files/_FULLPATH$.md
Processed and saved: markdown_files/_NEGATE.md
Processed and saved: markdown_files/_ANDALSO.md
Processed and saved: markdown_files/_ORELSE.md
Processed and saved: markdown_files/_STATUSCODE.md
Processed and saved: markdown_files/_SNDNEW.md
Error fetching https://qb64phoenix.com/qb64wiki/index.php/_SCALEDWIDTH: 404 Client Error: Not Found for url: https://qb64phoenix.com/qb64wiki/index.php/SCALEDWIDTH
Error fetching https://qb64phoenix.com/qb64wiki/index.php/_SCALEDHEIGHT: 404 Client Error: Not Found for url: https://qb64phoenix.com/qb64wiki/index.php/SCALEDHEIGHT
Processed and saved: markdown_files/_UFONTHEIGHT.md
Processed and saved: markdown_files/_UPRINTWIDTH.md
Processed and saved: markdown_files/_ULINESPACING.md
Processed and saved: markdown_files/_UPRINTSTRING.md
Processed and saved: markdown_files/_UCHARPOS.md
Error fetching https://qb64phoenix.com/qb64wiki/index.php/_MIDISOUNDBANK: 404 Client Error: Not Found for url: https://qb64phoenix.com/qb64wiki/index.php/MIDISOUNDBANK

[.venv] grymmjack@funkunit:~/git/qb64-dashdoc 
$ 