Processed and saved: markdown_files/$SCREENSHOW.md
https://qb64phoenix.com/qb64wiki/index.php/%24STATIC
Processed and saved: markdown_files/$STATIC.md
https://qb64phoenix.com/qb64wiki/index.php/%24VERSIONINFO
Processed and saved: markdown_files/$VERSIONINFO.md
https://qb64phoenix.com/qb64wiki/index.php/%24VIRTUALKEYBOARD
Processed and saved: markdown_files/$VIRTUALKEYBOARD.md
https://qb64phoenix.com/qb64wiki/index.php/ABS
Processed and saved: markdown_files/ABS.md
https://qb64phoenix.com/qb64wiki/index.php/ABSOLUTE
Processed and saved: markdown_files/ABSOLUTE.md
https://qb64phoenix.com/qb64wiki/index.php/ACCESS
Processed and saved: markdown_files/ACCESS.md
https://qb64phoenix.com/qb64wiki/index.php/ALIAS
Processed and saved: markdown_files/ALIAS.md
https://qb64phoenix.com/qb64wiki/index.php/AND
Processed and saved: markdown_files/AND.md
https://qb64phoenix.com/qb64wiki/index.php/APPEND
Processed and saved: markdown_files/APPEND.md
https://qb64phoenix.com/qb64wiki/index.php/AS
Processed and saved: markdown_files/AS.md
https://qb64phoenix.com/qb64wiki/index.php/ASC
Processed and saved: markdown_files/ASC.md
https://qb64phoenix.com/qb64wiki/index.php/ATN
Processed and saved: markdown_files/ATN.md
https://qb64phoenix.com/qb64wiki/index.php/BASE
Processed and saved: markdown_files/BASE.md
https://qb64phoenix.com/qb64wiki/index.php/BEEP
Processed and saved: markdown_files/BEEP.md
https://qb64phoenix.com/qb64wiki/index.php/BINARY
Processed and saved: markdown_files/BINARY.md
https://qb64phoenix.com/qb64wiki/index.php/BLOAD
Processed and saved: markdown_files/BLOAD.md
https://qb64phoenix.com/qb64wiki/index.php/BSAVE
Processed and saved: markdown_files/BSAVE.md
https://qb64phoenix.com/qb64wiki/index.php/BYVAL
Processed and saved: markdown_files/BYVAL.md
https://qb64phoenix.com/qb64wiki/index.php/CALL
Processed and saved: markdown_files/CALL.md
https://qb64phoenix.com/qb64wiki/index.php/CALLS
Error fetching https://qb64phoenix.com/qb64wiki/index.php/CALLS: 404 Client Error: Not Found for url: https://qb64phoenix.com/qb64wiki/index.php/CALLS
https://qb64phoenix.com/qb64wiki/index.php/CASE
Processed and saved: markdown_files/CASE.md
https://qb64phoenix.com/qb64wiki/index.php/IS
Processed and saved: markdown_files/IS.md
https://qb64phoenix.com/qb64wiki/index.php/CDBL
Processed and saved: markdown_files/CDBL.md
https://qb64phoenix.com/qb64wiki/index.php/CDECL
Error fetching https://qb64phoenix.com/qb64wiki/index.php/CDECL: 404 Client Error: Not Found for url: https://qb64phoenix.com/qb64wiki/index.php/CDECL
https://qb64phoenix.com/qb64wiki/index.php/CHAIN
Processed and saved: markdown_files/CHAIN.md
https://qb64phoenix.com/qb64wiki/index.php/CHDIR
Processed and saved: markdown_files/CHDIR.md
https://qb64phoenix.com/qb64wiki/index.php/CHR%24
Processed and saved: markdown_files/CHR$.md
https://qb64phoenix.com/qb64wiki/index.php/CINT
Processed and saved: markdown_files/CINT.md
https://qb64phoenix.com/qb64wiki/index.php/CIRCLE
Processed and saved: markdown_files/CIRCLE.md
https://qb64phoenix.com/qb64wiki/index.php/CLEAR
Processed and saved: markdown_files/CLEAR.md
https://qb64phoenix.com/qb64wiki/index.php/CLNG
Processed and saved: markdown_files/CLNG.md
https://qb64phoenix.com/qb64wiki/index.php/CLOSE
Processed and saved: markdown_files/CLOSE.md
https://qb64phoenix.com/qb64wiki/index.php/CLS
Processed and saved: markdown_files/CLS.md
https://qb64phoenix.com/qb64wiki/index.php/COLOR
Processed and saved: markdown_files/COLOR.md
https://qb64phoenix.com/qb64wiki/index.php/COM
Error fetching https://qb64phoenix.com/qb64wiki/index.php/COM: 404 Client Error: Not Found for url: https://qb64phoenix.com/qb64wiki/index.php/COM
https://qb64phoenix.com/qb64wiki/index.php/COMMAND%24
Processed and saved: markdown_files/COMMAND$.md
https://qb64phoenix.com/qb64wiki/index.php/COMMON
Processed and saved: markdown_files/COMMON.md
https://qb64phoenix.com/qb64wiki/index.php/CONST
Processed and saved: markdown_files/CONST.md
https://qb64phoenix.com/qb64wiki/index.php/COS
Processed and saved: markdown_files/COS.md
https://qb64phoenix.com/qb64wiki/index.php/CSNG
Processed and saved: markdown_files/CSNG.md
https://qb64phoenix.com/qb64wiki/index.php/CSRLIN
Processed and saved: markdown_files/CSRLIN.md
https://qb64phoenix.com/qb64wiki/index.php/CUSTOMTYPE
Processed and saved: markdown_files/CUSTOMTYPE.md
https://qb64phoenix.com/qb64wiki/index.php/CVD
Processed and saved: markdown_files/CVD.md
https://qb64phoenix.com/qb64wiki/index.php/CVDMBF
Processed and saved: markdown_files/CVDMBF.md
https://qb64phoenix.com/qb64wiki/index.php/CVI
Processed and saved: markdown_files/CVI.md
https://qb64phoenix.com/qb64wiki/index.php/CVL
Processed and saved: markdown_files/CVL.md
https://qb64phoenix.com/qb64wiki/index.php/CVS
Processed and saved: markdown_files/CVS.md
https://qb64phoenix.com/qb64wiki/index.php/CVSMBF
Processed and saved: markdown_files/CVSMBF.md
https://qb64phoenix.com/qb64wiki/index.php/DATA
Processed and saved: markdown_files/DATA.md
https://qb64phoenix.com/qb64wiki/index.php/DATE%24
Processed and saved: markdown_files/DATE$.md
https://qb64phoenix.com/qb64wiki/index.php/DECLARE
Processed and saved: markdown_files/DECLARE.md
https://qb64phoenix.com/qb64wiki/index.php/DEF
Processed and saved: markdown_files/DEF.md
https://qb64phoenix.com/qb64wiki/index.php/DEFDBL
Processed and saved: markdown_files/DEFDBL.md
https://qb64phoenix.com/qb64wiki/index.php/DEFINT
Processed and saved: markdown_files/DEFINT.md
https://qb64phoenix.com/qb64wiki/index.php/DEFLNG
Processed and saved: markdown_files/DEFLNG.md
https://qb64phoenix.com/qb64wiki/index.php/DEFSNG
Processed and saved: markdown_files/DEFSNG.md
https://qb64phoenix.com/qb64wiki/index.php/DEFSTR
Processed and saved: markdown_files/DEFSTR.md
https://qb64phoenix.com/qb64wiki/index.php/DIM
Processed and saved: markdown_files/DIM.md
https://qb64phoenix.com/qb64wiki/index.php/DO
Processed and saved: markdown_files/DO.md
https://qb64phoenix.com/qb64wiki/index.php/DOUBLE
Processed and saved: markdown_files/DOUBLE.md
https://qb64phoenix.com/qb64wiki/index.php/DRAW
Processed and saved: markdown_files/DRAW.md
https://qb64phoenix.com/qb64wiki/index.php/DYNAMIC
Processed and saved: markdown_files/DYNAMIC.md
https://qb64phoenix.com/qb64wiki/index.php/ELSE
Processed and saved: markdown_files/ELSE.md
https://qb64phoenix.com/qb64wiki/index.php/ELSEIF
Processed and saved: markdown_files/ELSEIF.md
https://qb64phoenix.com/qb64wiki/index.php/END
Processed and saved: markdown_files/END.md
https://qb64phoenix.com/qb64wiki/index.php/ENDIF
Error fetching https://qb64phoenix.com/qb64wiki/index.php/ENDIF: 404 Client Error: Not Found for url: https://qb64phoenix.com/qb64wiki/index.php/ENDIF
https://qb64phoenix.com/qb64wiki/index.php/ENVIRON
Processed and saved: markdown_files/ENVIRON.md
https://qb64phoenix.com/qb64wiki/index.php/ENVIRON%24
Processed and saved: markdown_files/ENVIRON$.md
https://qb64phoenix.com/qb64wiki/index.php/EOF
Processed and saved: markdown_files/EOF.md
https://qb64phoenix.com/qb64wiki/index.php/EQV
Processed and saved: markdown_files/EQV.md
https://qb64phoenix.com/qb64wiki/index.php/ERASE
Processed and saved: markdown_files/ERASE.md
https://qb64phoenix.com/qb64wiki/index.php/ERDEV
Error fetching https://qb64phoenix.com/qb64wiki/index.php/ERDEV: 404 Client Error: Not Found for url: https://qb64phoenix.com/qb64wiki/index.php/ERDEV
https://qb64phoenix.com/qb64wiki/index.php/ERDEV%24
Error fetching https://qb64phoenix.com/qb64wiki/index.php/ERDEV%24: 404 Client Error: Not Found for url: https://qb64phoenix.com/qb64wiki/index.php/ERDEV%24
https://qb64phoenix.com/qb64wiki/index.php/ERL
Processed and saved: markdown_files/ERL.md
https://qb64phoenix.com/qb64wiki/index.php/ERR
Processed and saved: markdown_files/ERR.md
https://qb64phoenix.com/qb64wiki/index.php/ERROR
Processed and saved: markdown_files/ERROR.md
https://qb64phoenix.com/qb64wiki/index.php/EVERYCASE
Processed and saved: markdown_files/EVERYCASE.md
https://qb64phoenix.com/qb64wiki/index.php/EXIT
Processed and saved: markdown_files/EXIT.md
https://qb64phoenix.com/qb64wiki/index.php/EXP
Processed and saved: markdown_files/EXP.md
https://qb64phoenix.com/qb64wiki/index.php/FIELD
Processed and saved: markdown_files/FIELD.md
https://qb64phoenix.com/qb64wiki/index.php/FILEATTR
Error fetching https://qb64phoenix.com/qb64wiki/index.php/FILEATTR: 404 Client Error: Not Found for url: https://qb64phoenix.com/qb64wiki/index.php/FILEATTR
https://qb64phoenix.com/qb64wiki/index.php/FILES
Processed and saved: markdown_files/FILES.md
https://qb64phoenix.com/qb64wiki/index.php/FIX
Processed and saved: markdown_files/FIX.md
https://qb64phoenix.com/qb64wiki/index.php/FN
Error fetching https://qb64phoenix.com/qb64wiki/index.php/FN: 404 Client Error: Not Found for url: https://qb64phoenix.com/qb64wiki/index.php/FN
https://qb64phoenix.com/qb64wiki/index.php/FOR
Processed and saved: markdown_files/FOR.md
https://qb64phoenix.com/qb64wiki/index.php/FRE
Error fetching https://qb64phoenix.com/qb64wiki/index.php/FRE: 404 Client Error: Not Found for url: https://qb64phoenix.com/qb64wiki/index.php/FRE
https://qb64phoenix.com/qb64wiki/index.php/FREE
Error fetching https://qb64phoenix.com/qb64wiki/index.php/FREE: 404 Client Error: Not Found for url: https://qb64phoenix.com/qb64wiki/index.php/FREE
https://qb64phoenix.com/qb64wiki/index.php/FREEFILE
Processed and saved: markdown_files/FREEFILE.md
https://qb64phoenix.com/qb64wiki/index.php/FUNCTION
Processed and saved: markdown_files/FUNCTION.md
https://qb64phoenix.com/qb64wiki/index.php/GET
Processed and saved: markdown_files/GET.md
https://qb64phoenix.com/qb64wiki/index.php/GOSUB
Processed and saved: markdown_files/GOSUB.md
https://qb64phoenix.com/qb64wiki/index.php/GOTO
Processed and saved: markdown_files/GOTO.md
https://qb64phoenix.com/qb64wiki/index.php/HEX%24
Processed and saved: markdown_files/HEX$.md
https://qb64phoenix.com/qb64wiki/index.php/IF
Processed and saved: markdown_files/IF.md
https://qb64phoenix.com/qb64wiki/index.php/IMP
Processed and saved: markdown_files/IMP.md
https://qb64phoenix.com/qb64wiki/index.php/INKEY%24
Processed and saved: markdown_files/INKEY$.md
https://qb64phoenix.com/qb64wiki/index.php/INP
Processed and saved: markdown_files/INP.md
https://qb64phoenix.com/qb64wiki/index.php/INPUT
Processed and saved: markdown_files/INPUT.md
https://qb64phoenix.com/qb64wiki/index.php/INPUT%24
Processed and saved: markdown_files/INPUT$.md
https://qb64phoenix.com/qb64wiki/index.php/INSTR
Processed and saved: markdown_files/INSTR.md
https://qb64phoenix.com/qb64wiki/index.php/INT
Processed and saved: markdown_files/INT.md
https://qb64phoenix.com/qb64wiki/index.php/INTEGER
Processed and saved: markdown_files/INTEGER.md
https://qb64phoenix.com/qb64wiki/index.php/INTERRUPT
Processed and saved: markdown_files/INTERRUPT.md
https://qb64phoenix.com/qb64wiki/index.php/INTERRUPTX
Processed and saved: markdown_files/INTERRUPTX.md
https://qb64phoenix.com/qb64wiki/index.php/IOCTL
Error fetching https://qb64phoenix.com/qb64wiki/index.php/IOCTL: 404 Client Error: Not Found for url: https://qb64phoenix.com/qb64wiki/index.php/IOCTL
https://qb64phoenix.com/qb64wiki/index.php/IOCTL%24
Error fetching https://qb64phoenix.com/qb64wiki/index.php/IOCTL%24: 404 Client Error: Not Found for url: https://qb64phoenix.com/qb64wiki/index.php/IOCTL%24
https://qb64phoenix.com/qb64wiki/index.php/KEY
Processed and saved: markdown_files/KEY.md
https://qb64phoenix.com/qb64wiki/index.php/KILL
Processed and saved: markdown_files/KILL.md
https://qb64phoenix.com/qb64wiki/index.php/LBOUND
Processed and saved: markdown_files/LBOUND.md
https://qb64phoenix.com/qb64wiki/index.php/LCASE%24
Processed and saved: markdown_files/LCASE$.md
https://qb64phoenix.com/qb64wiki/index.php/LEFT%24
Processed and saved: markdown_files/LEFT$.md
https://qb64phoenix.com/qb64wiki/index.php/LEN
Processed and saved: markdown_files/LEN.md
https://qb64phoenix.com/qb64wiki/index.php/LET
Processed and saved: markdown_files/LET.md
https://qb64phoenix.com/qb64wiki/index.php/LIBRARY
Processed and saved: markdown_files/LIBRARY.md
https://qb64phoenix.com/qb64wiki/index.php/LINE
Processed and saved: markdown_files/LINE.md
https://qb64phoenix.com/qb64wiki/index.php/LIST
Processed and saved: markdown_files/LIST.md
https://qb64phoenix.com/qb64wiki/index.php/LOC
Processed and saved: markdown_files/LOC.md
https://qb64phoenix.com/qb64wiki/index.php/LOCATE
Processed and saved: markdown_files/LOCATE.md
https://qb64phoenix.com/qb64wiki/index.php/LOCK
Processed and saved: markdown_files/LOCK.md
https://qb64phoenix.com/qb64wiki/index.php/LOF
Processed and saved: markdown_files/LOF.md
https://qb64phoenix.com/qb64wiki/index.php/LOG
Processed and saved: markdown_files/LOG.md
https://qb64phoenix.com/qb64wiki/index.php/LONG
Processed and saved: markdown_files/LONG.md
https://qb64phoenix.com/qb64wiki/index.php/LOOP
Processed and saved: markdown_files/LOOP.md
https://qb64phoenix.com/qb64wiki/index.php/LPOS
Processed and saved: markdown_files/LPOS.md
https://qb64phoenix.com/qb64wiki/index.php/LPRINT
Processed and saved: markdown_files/LPRINT.md
https://qb64phoenix.com/qb64wiki/index.php/LSET
Processed and saved: markdown_files/LSET.md
https://qb64phoenix.com/qb64wiki/index.php/LTRIM%24
Processed and saved: markdown_files/LTRIM$.md
https://qb64phoenix.com/qb64wiki/index.php/MID%24
Processed and saved: markdown_files/MID$.md
https://qb64phoenix.com/qb64wiki/index.php/MKD%24
Processed and saved: markdown_files/MKD$.md
https://qb64phoenix.com/qb64wiki/index.php/MKDIR
Processed and saved: markdown_files/MKDIR.md
https://qb64phoenix.com/qb64wiki/index.php/MKDMBF%24
Processed and saved: markdown_files/MKDMBF$.md
https://qb64phoenix.com/qb64wiki/index.php/MKI%24
Processed and saved: markdown_files/MKI$.md
https://qb64phoenix.com/qb64wiki/index.php/MKL%24
Processed and saved: markdown_files/MKL$.md
https://qb64phoenix.com/qb64wiki/index.php/MKS%24
Processed and saved: markdown_files/MKS$.md
https://qb64phoenix.com/qb64wiki/index.php/MKSMBF%24
Processed and saved: markdown_files/MKSMBF$.md
https://qb64phoenix.com/qb64wiki/index.php/MOD
Processed and saved: markdown_files/MOD.md
https://qb64phoenix.com/qb64wiki/index.php/NAME
Processed and saved: markdown_files/NAME.md
https://qb64phoenix.com/qb64wiki/index.php/NEXT
Processed and saved: markdown_files/NEXT.md
https://qb64phoenix.com/qb64wiki/index.php/NOT
Processed and saved: markdown_files/NOT.md
https://qb64phoenix.com/qb64wiki/index.php/OCT%24
Processed and saved: markdown_files/OCT$.md
https://qb64phoenix.com/qb64wiki/index.php/OFF
Processed and saved: markdown_files/OFF.md
https://qb64phoenix.com/qb64wiki/index.php/ON
Processed and saved: markdown_files/ON.md
https://qb64phoenix.com/qb64wiki/index.php/OPEN
Processed and saved: markdown_files/OPEN.md
https://qb64phoenix.com/qb64wiki/index.php/OPTION
Processed and saved: markdown_files/OPTION.md
https://qb64phoenix.com/qb64wiki/index.php/OR
Processed and saved: markdown_files/OR.md
https://qb64phoenix.com/qb64wiki/index.php/OUT
Processed and saved: markdown_files/OUT.md
https://qb64phoenix.com/qb64wiki/index.php/OUTPUT
Processed and saved: markdown_files/OUTPUT.md
https://qb64phoenix.com/qb64wiki/index.php/PAINT
Processed and saved: markdown_files/PAINT.md
https://qb64phoenix.com/qb64wiki/index.php/PALETTE
Processed and saved: markdown_files/PALETTE.md
https://qb64phoenix.com/qb64wiki/index.php/PCOPY
Processed and saved: markdown_files/PCOPY.md
https://qb64phoenix.com/qb64wiki/index.php/PEEK
Processed and saved: markdown_files/PEEK.md
https://qb64phoenix.com/qb64wiki/index.php/PEN
Error fetching https://qb64phoenix.com/qb64wiki/index.php/PEN: 404 Client Error: Not Found for url: https://qb64phoenix.com/qb64wiki/index.php/PEN
https://qb64phoenix.com/qb64wiki/index.php/PLAY
Processed and saved: markdown_files/PLAY.md
https://qb64phoenix.com/qb64wiki/index.php/PMAP
Processed and saved: markdown_files/PMAP.md
https://qb64phoenix.com/qb64wiki/index.php/POINT
Processed and saved: markdown_files/POINT.md
https://qb64phoenix.com/qb64wiki/index.php/POKE
Processed and saved: markdown_files/POKE.md
https://qb64phoenix.com/qb64wiki/index.php/POS
Processed and saved: markdown_files/POS.md
https://qb64phoenix.com/qb64wiki/index.php/PRESET
Processed and saved: markdown_files/PRESET.md
https://qb64phoenix.com/qb64wiki/index.php/PRINT
Processed and saved: markdown_files/PRINT.md
https://qb64phoenix.com/qb64wiki/index.php/PSET
Processed and saved: markdown_files/PSET.md
https://qb64phoenix.com/qb64wiki/index.php/PUT
Processed and saved: markdown_files/PUT.md
https://qb64phoenix.com/qb64wiki/index.php/RANDOM
Processed and saved: markdown_files/RANDOM.md
https://qb64phoenix.com/qb64wiki/index.php/RANDOMIZE
Processed and saved: markdown_files/RANDOMIZE.md
https://qb64phoenix.com/qb64wiki/index.php/READ
Processed and saved: markdown_files/READ.md
https://qb64phoenix.com/qb64wiki/index.php/REDIM
Processed and saved: markdown_files/REDIM.md
https://qb64phoenix.com/qb64wiki/index.php/REM
Processed and saved: markdown_files/REM.md
https://qb64phoenix.com/qb64wiki/index.php/RESET
Processed and saved: markdown_files/RESET.md
https://qb64phoenix.com/qb64wiki/index.php/RESTORE
Processed and saved: markdown_files/RESTORE.md
https://qb64phoenix.com/qb64wiki/index.php/RESUME
Processed and saved: markdown_files/RESUME.md
https://qb64phoenix.com/qb64wiki/index.php/RETURN
Processed and saved: markdown_files/RETURN.md
https://qb64phoenix.com/qb64wiki/index.php/RIGHT%24
Processed and saved: markdown_files/RIGHT$.md
https://qb64phoenix.com/qb64wiki/index.php/RMDIR
Processed and saved: markdown_files/RMDIR.md
https://qb64phoenix.com/qb64wiki/index.php/RND
Processed and saved: markdown_files/RND.md
https://qb64phoenix.com/qb64wiki/index.php/RSET
Processed and saved: markdown_files/RSET.md
https://qb64phoenix.com/qb64wiki/index.php/RTRIM%24
Processed and saved: markdown_files/RTRIM$.md
https://qb64phoenix.com/qb64wiki/index.php/RUN
Processed and saved: markdown_files/RUN.md
https://qb64phoenix.com/qb64wiki/index.php/SADD
Processed and saved: markdown_files/SADD.md
https://qb64phoenix.com/qb64wiki/index.php/SCREEN
Processed and saved: markdown_files/SCREEN.md
https://qb64phoenix.com/qb64wiki/index.php/SEEK
Processed and saved: markdown_files/SEEK.md
https://qb64phoenix.com/qb64wiki/index.php/SEG
Processed and saved: markdown_files/SEG.md
https://qb64phoenix.com/qb64wiki/index.php/SELECT
Processed and saved: markdown_files/SELECT.md
https://qb64phoenix.com/qb64wiki/index.php/SETMEM
Error fetching https://qb64phoenix.com/qb64wiki/index.php/SETMEM: 404 Client Error: Not Found for url: https://qb64phoenix.com/qb64wiki/index.php/SETMEM
https://qb64phoenix.com/qb64wiki/index.php/SGN
Processed and saved: markdown_files/SGN.md
https://qb64phoenix.com/qb64wiki/index.php/SHARED
Processed and saved: markdown_files/SHARED.md
https://qb64phoenix.com/qb64wiki/index.php/SHELL
Processed and saved: markdown_files/SHELL.md
https://qb64phoenix.com/qb64wiki/index.php/SIGNAL
Error fetching https://qb64phoenix.com/qb64wiki/index.php/SIGNAL: 404 Client Error: Not Found for url: https://qb64phoenix.com/qb64wiki/index.php/SIGNAL
https://qb64phoenix.com/qb64wiki/index.php/SIN
Processed and saved: markdown_files/SIN.md
https://qb64phoenix.com/qb64wiki/index.php/SINGLE
Processed and saved: markdown_files/SINGLE.md
https://qb64phoenix.com/qb64wiki/index.php/SLEEP
Processed and saved: markdown_files/SLEEP.md
https://qb64phoenix.com/qb64wiki/index.php/SOUND
Processed and saved: markdown_files/SOUND.md
https://qb64phoenix.com/qb64wiki/index.php/SPACE%24
Processed and saved: markdown_files/SPACE$.md
https://qb64phoenix.com/qb64wiki/index.php/SPC
Processed and saved: markdown_files/SPC.md
https://qb64phoenix.com/qb64wiki/index.php/SQR
Processed and saved: markdown_files/SQR.md
https://qb64phoenix.com/qb64wiki/index.php/STATIC
Processed and saved: markdown_files/STATIC.md
https://qb64phoenix.com/qb64wiki/index.php/STEP
Processed and saved: markdown_files/STEP.md
https://qb64phoenix.com/qb64wiki/index.php/STICK
Processed and saved: markdown_files/STICK.md
https://qb64phoenix.com/qb64wiki/index.php/STOP
Processed and saved: markdown_files/STOP.md
https://qb64phoenix.com/qb64wiki/index.php/STR%24
Processed and saved: markdown_files/STR$.md
https://qb64phoenix.com/qb64wiki/index.php/STRIG
Processed and saved: markdown_files/STRIG.md
https://qb64phoenix.com/qb64wiki/index.php/STRING
Processed and saved: markdown_files/STRING.md
https://qb64phoenix.com/qb64wiki/index.php/STRING%24
Processed and saved: markdown_files/STRING$.md
https://qb64phoenix.com/qb64wiki/index.php/SUB
Processed and saved: markdown_files/SUB.md
https://qb64phoenix.com/qb64wiki/index.php/SWAP
Processed and saved: markdown_files/SWAP.md
https://qb64phoenix.com/qb64wiki/index.php/SYSTEM
Processed and saved: markdown_files/SYSTEM.md
https://qb64phoenix.com/qb64wiki/index.php/TAB
Processed and saved: markdown_files/TAB.md
https://qb64phoenix.com/qb64wiki/index.php/TAN
Processed and saved: markdown_files/TAN.md
https://qb64phoenix.com/qb64wiki/index.php/THEN
Processed and saved: markdown_files/THEN.md
https://qb64phoenix.com/qb64wiki/index.php/TIME%24
Processed and saved: markdown_files/TIME$.md
https://qb64phoenix.com/qb64wiki/index.php/TIMER
Processed and saved: markdown_files/TIMER.md
https://qb64phoenix.com/qb64wiki/index.php/TO
Processed and saved: markdown_files/TO.md
https://qb64phoenix.com/qb64wiki/index.php/TROFF
Error fetching https://qb64phoenix.com/qb64wiki/index.php/TROFF: 404 Client Error: Not Found for url: https://qb64phoenix.com/qb64wiki/index.php/TROFF
https://qb64phoenix.com/qb64wiki/index.php/TRON
Error fetching https://qb64phoenix.com/qb64wiki/index.php/TRON: 404 Client Error: Not Found for url: https://qb64phoenix.com/qb64wiki/index.php/TRON
https://qb64phoenix.com/qb64wiki/index.php/TYPE
Processed and saved: markdown_files/TYPE.md
https://qb64phoenix.com/qb64wiki/index.php/UBOUND
Processed and saved: markdown_files/UBOUND.md
https://qb64phoenix.com/qb64wiki/index.php/UCASE%24
Processed and saved: markdown_files/UCASE$.md
https://qb64phoenix.com/qb64wiki/index.php/UEVENT
Error fetching https://qb64phoenix.com/qb64wiki/index.php/UEVENT: 404 Client Error: Not Found for url: https://qb64phoenix.com/qb64wiki/index.php/UEVENT
https://qb64phoenix.com/qb64wiki/index.php/UNLOCK
Processed and saved: markdown_files/UNLOCK.md
https://qb64phoenix.com/qb64wiki/index.php/UNTIL
Processed and saved: markdown_files/UNTIL.md
https://qb64phoenix.com/qb64wiki/index.php/USING
Processed and saved: markdown_files/USING.md
https://qb64phoenix.com/qb64wiki/index.php/VAL
Processed and saved: markdown_files/VAL.md
https://qb64phoenix.com/qb64wiki/index.php/VARPTR
Processed and saved: markdown_files/VARPTR.md
https://qb64phoenix.com/qb64wiki/index.php/VARPTR%24
Processed and saved: markdown_files/VARPTR$.md
https://qb64phoenix.com/qb64wiki/index.php/VARSEG
Processed and saved: markdown_files/VARSEG.md
https://qb64phoenix.com/qb64wiki/index.php/VIEW
Processed and saved: markdown_files/VIEW.md
https://qb64phoenix.com/qb64wiki/index.php/WAIT
Processed and saved: markdown_files/WAIT.md
https://qb64phoenix.com/qb64wiki/index.php/WEND
Processed and saved: markdown_files/WEND.md
https://qb64phoenix.com/qb64wiki/index.php/WHILE
Processed and saved: markdown_files/WHILE.md
https://qb64phoenix.com/qb64wiki/index.php/WIDTH
Processed and saved: markdown_files/WIDTH.md
https://qb64phoenix.com/qb64wiki/index.php/WINDOW
Processed and saved: markdown_files/WINDOW.md
https://qb64phoenix.com/qb64wiki/index.php/WRITE
Processed and saved: markdown_files/WRITE.md
https://qb64phoenix.com/qb64wiki/index.php/XOR
Processed and saved: markdown_files/XOR.md
https://qb64phoenix.com/qb64wiki/index.php/_ACOS
Processed and saved: markdown_files/_ACOS.md
https://qb64phoenix.com/qb64wiki/index.php/_ACOSH
Processed and saved: markdown_files/_ACOSH.md
https://qb64phoenix.com/qb64wiki/index.php/_ALPHA
Processed and saved: markdown_files/_ALPHA.md
https://qb64phoenix.com/qb64wiki/index.php/_ALPHA32
Processed and saved: markdown_files/_ALPHA32.md
https://qb64phoenix.com/qb64wiki/index.php/_ARCCOT
Error fetching https://qb64phoenix.com/qb64wiki/index.php/_ARCCOT: 404 Client Error: Not Found for url: https://qb64phoenix.com/qb64wiki/index.php/ARCCOT
https://qb64phoenix.com/qb64wiki/index.php/_ARCCSC
Error fetching https://qb64phoenix.com/qb64wiki/index.php/_ARCCSC: 404 Client Error: Not Found for url: https://qb64phoenix.com/qb64wiki/index.php/ARCCSC
https://qb64phoenix.com/qb64wiki/index.php/_ARCSEC
Error fetching https://qb64phoenix.com/qb64wiki/index.php/_ARCSEC: 404 Client Error: Not Found for url: https://qb64phoenix.com/qb64wiki/index.php/ARCSEC
https://qb64phoenix.com/qb64wiki/index.php/_ASIN
Processed and saved: markdown_files/_ASIN.md
https://qb64phoenix.com/qb64wiki/index.php/_ASINH
Processed and saved: markdown_files/_ASINH.md
https://qb64phoenix.com/qb64wiki/index.php/_ATAN2
Processed and saved: markdown_files/_ATAN2.md
https://qb64phoenix.com/qb64wiki/index.php/_ATANH
Processed and saved: markdown_files/_ATANH.md
https://qb64phoenix.com/qb64wiki/index.php/_AUTODISPLAY
Processed and saved: markdown_files/_AUTODISPLAY.md
https://qb64phoenix.com/qb64wiki/index.php/_AXIS
Processed and saved: markdown_files/_AXIS.md
https://qb64phoenix.com/qb64wiki/index.php/_BACKGROUNDCOLOR
Processed and saved: markdown_files/_BACKGROUNDCOLOR.md
https://qb64phoenix.com/qb64wiki/index.php/_BIN%24
Processed and saved: markdown_files/_BIN$.md
https://qb64phoenix.com/qb64wiki/index.php/_BIT
Processed and saved: markdown_files/_BIT.md
https://qb64phoenix.com/qb64wiki/index.php/_BLEND
Processed and saved: markdown_files/_BLEND.md
https://qb64phoenix.com/qb64wiki/index.php/_BLINK
Processed and saved: markdown_files/_BLINK.md
https://qb64phoenix.com/qb64wiki/index.php/_BLUE
Processed and saved: markdown_files/_BLUE.md
https://qb64phoenix.com/qb64wiki/index.php/_BLUE32
Processed and saved: markdown_files/_BLUE32.md
https://qb64phoenix.com/qb64wiki/index.php/_BUTTON
Processed and saved: markdown_files/_BUTTON.md
https://qb64phoenix.com/qb64wiki/index.php/_BUTTONCHANGE
Processed and saved: markdown_files/_BUTTONCHANGE.md
https://qb64phoenix.com/qb64wiki/index.php/_BYTE
Processed and saved: markdown_files/_BYTE.md
https://qb64phoenix.com/qb64wiki/index.php/_CEIL
Processed and saved: markdown_files/_CEIL.md
https://qb64phoenix.com/qb64wiki/index.php/_CLEARCOLOR
Processed and saved: markdown_files/_CLEARCOLOR.md
https://qb64phoenix.com/qb64wiki/index.php/_CLIP
Processed and saved: markdown_files/_CLIP.md
https://qb64phoenix.com/qb64wiki/index.php/_CLIPBOARD%24
Processed and saved: markdown_files/_CLIPBOARD$.md
https://qb64phoenix.com/qb64wiki/index.php/_CLIPBOARDIMAGE
Processed and saved: markdown_files/_CLIPBOARDIMAGE.md
https://qb64phoenix.com/qb64wiki/index.php/_COMMANDCOUNT
Processed and saved: markdown_files/_COMMANDCOUNT.md
https://qb64phoenix.com/qb64wiki/index.php/_CONNECTED
Processed and saved: markdown_files/_CONNECTED.md
https://qb64phoenix.com/qb64wiki/index.php/_CONNECTIONADDRESS%24
Processed and saved: markdown_files/_CONNECTIONADDRESS$.md
https://qb64phoenix.com/qb64wiki/index.php/_CONNECTIONADDRESS
Processed and saved: markdown_files/_CONNECTIONADDRESS.md
https://qb64phoenix.com/qb64wiki/index.php/_CONSOLE
Processed and saved: markdown_files/_CONSOLE.md
https://qb64phoenix.com/qb64wiki/index.php/_CONSOLETITLE
Processed and saved: markdown_files/_CONSOLETITLE.md
https://qb64phoenix.com/qb64wiki/index.php/_CONTINUE
Processed and saved: markdown_files/_CONTINUE.md
https://qb64phoenix.com/qb64wiki/index.php/_CONTROLCHR
Processed and saved: markdown_files/_CONTROLCHR.md
https://qb64phoenix.com/qb64wiki/index.php/_COPYIMAGE
Processed and saved: markdown_files/_COPYIMAGE.md
https://qb64phoenix.com/qb64wiki/index.php/_COPYPALETTE
Processed and saved: markdown_files/_COPYPALETTE.md
https://qb64phoenix.com/qb64wiki/index.php/_COSH
Error fetching https://qb64phoenix.com/qb64wiki/index.php/_COSH: 404 Client Error: Not Found for url: https://qb64phoenix.com/qb64wiki/index.php/COSH
https://qb64phoenix.com/qb64wiki/index.php/_COT
Error fetching https://qb64phoenix.com/qb64wiki/index.php/_COT: 404 Client Error: Not Found for url: https://qb64phoenix.com/qb64wiki/index.php/COT
https://qb64phoenix.com/qb64wiki/index.php/_COTH
Error fetching https://qb64phoenix.com/qb64wiki/index.php/_COTH: 404 Client Error: Not Found for url: https://qb64phoenix.com/qb64wiki/index.php/COTH
https://qb64phoenix.com/qb64wiki/index.php/_CSC
Error fetching https://qb64phoenix.com/qb64wiki/index.php/_CSC: 404 Client Error: Not Found for url: https://qb64phoenix.com/qb64wiki/index.php/CSC
https://qb64phoenix.com/qb64wiki/index.php/_CSCH
Error fetching https://qb64phoenix.com/qb64wiki/index.php/_CSCH: 404 Client Error: Not Found for url: https://qb64phoenix.com/qb64wiki/index.php/CSCH
https://qb64phoenix.com/qb64wiki/index.php/_CV
Processed and saved: markdown_files/_CV.md
https://qb64phoenix.com/qb64wiki/index.php/_CWD%24
Processed and saved: markdown_files/_CWD$.md
https://qb64phoenix.com/qb64wiki/index.php/_D2G
Processed and saved: markdown_files/_D2G.md
https://qb64phoenix.com/qb64wiki/index.php/_D2R
Processed and saved: markdown_files/_D2R.md
https://qb64phoenix.com/qb64wiki/index.php/_DEFAULTCOLOR
Processed and saved: markdown_files/_DEFAULTCOLOR.md
https://qb64phoenix.com/qb64wiki/index.php/_DEFINE
Processed and saved: markdown_files/_DEFINE.md
https://qb64phoenix.com/qb64wiki/index.php/_DELAY
Processed and saved: markdown_files/_DELAY.md
https://qb64phoenix.com/qb64wiki/index.php/_DEPTHBUFFER
Processed and saved: markdown_files/_DEPTHBUFFER.md
https://qb64phoenix.com/qb64wiki/index.php/_DESKTOPHEIGHT
Processed and saved: markdown_files/_DESKTOPHEIGHT.md
https://qb64phoenix.com/qb64wiki/index.php/_DESKTOPWIDTH
Processed and saved: markdown_files/_DESKTOPWIDTH.md
https://qb64phoenix.com/qb64wiki/index.php/_DEST
Processed and saved: markdown_files/_DEST.md
https://qb64phoenix.com/qb64wiki/index.php/_DEVICE%24
Processed and saved: markdown_files/_DEVICE$.md
https://qb64phoenix.com/qb64wiki/index.php/_DEVICEINPUT
Processed and saved: markdown_files/_DEVICEINPUT.md
https://qb64phoenix.com/qb64wiki/index.php/_DEVICES
Processed and saved: markdown_files/_DEVICES.md
https://qb64phoenix.com/qb64wiki/index.php/_DIR%24
Processed and saved: markdown_files/_DIR$.md
https://qb64phoenix.com/qb64wiki/index.php/_DIREXISTS
Processed and saved: markdown_files/_DIREXISTS.md
https://qb64phoenix.com/qb64wiki/index.php/_DISPLAY
Processed and saved: markdown_files/_DISPLAY.md
https://qb64phoenix.com/qb64wiki/index.php/_DISPLAYORDER
Processed and saved: markdown_files/_DISPLAYORDER.md
https://qb64phoenix.com/qb64wiki/index.php/_DONTBLEND
Processed and saved: markdown_files/_DONTBLEND.md
https://qb64phoenix.com/qb64wiki/index.php/_DONTWAIT
Processed and saved: markdown_files/_DONTWAIT.md
https://qb64phoenix.com/qb64wiki/index.php/_ERRORLINE
Processed and saved: markdown_files/_ERRORLINE.md
https://qb64phoenix.com/qb64wiki/index.php/_ERRORMESSAGE%24
Processed and saved: markdown_files/_ERRORMESSAGE$.md
https://qb64phoenix.com/qb64wiki/index.php/_EXIT
Processed and saved: markdown_files/_EXIT.md
https://qb64phoenix.com/qb64wiki/index.php/_EXPLICIT
Processed and saved: markdown_files/_EXPLICIT.md
https://qb64phoenix.com/qb64wiki/index.php/_EXPLICITARRAY
Processed and saved: markdown_files/_EXPLICITARRAY.md
https://qb64phoenix.com/qb64wiki/index.php/_FILEEXISTS
Processed and saved: markdown_files/_FILEEXISTS.md
https://qb64phoenix.com/qb64wiki/index.php/_FLOAT
Processed and saved: markdown_files/_FLOAT.md
https://qb64phoenix.com/qb64wiki/index.php/_FONT
Processed and saved: markdown_files/_FONT.md
https://qb64phoenix.com/qb64wiki/index.php/_FONTHEIGHT
Processed and saved: markdown_files/_FONTHEIGHT.md
https://qb64phoenix.com/qb64wiki/index.php/_FONTWIDTH
Processed and saved: markdown_files/_FONTWIDTH.md
https://qb64phoenix.com/qb64wiki/index.php/_FREEFONT
Processed and saved: markdown_files/_FREEFONT.md
https://qb64phoenix.com/qb64wiki/index.php/_FREEIMAGE
Processed and saved: markdown_files/_FREEIMAGE.md
https://qb64phoenix.com/qb64wiki/index.php/_FREETIMER
Processed and saved: markdown_files/_FREETIMER.md
https://qb64phoenix.com/qb64wiki/index.php/_FULLSCREEN
Processed and saved: markdown_files/_FULLSCREEN.md
https://qb64phoenix.com/qb64wiki/index.php/_G2D
Processed and saved: markdown_files/_G2D.md
https://qb64phoenix.com/qb64wiki/index.php/_G2R
Processed and saved: markdown_files/_G2R.md
_glRender
https://qb64phoenix.com/qb64wiki/index.php/_glRender
Error fetching https://qb64phoenix.com/qb64wiki/index.php/_glRender: 404 Client Error: Not Found for url: https://qb64phoenix.com/qb64wiki/index.php/GlRender
https://qb64phoenix.com/qb64wiki/index.php/_GREEN
Processed and saved: markdown_files/_GREEN.md
https://qb64phoenix.com/qb64wiki/index.php/_GREEN32
Processed and saved: markdown_files/_GREEN32.md
https://qb64phoenix.com/qb64wiki/index.php/_HEIGHT
Processed and saved: markdown_files/_HEIGHT.md
https://qb64phoenix.com/qb64wiki/index.php/_HIDE
Processed and saved: markdown_files/_HIDE.md
https://qb64phoenix.com/qb64wiki/index.php/_HYPOT
Processed and saved: markdown_files/_HYPOT.md
https://qb64phoenix.com/qb64wiki/index.php/_ICON
Processed and saved: markdown_files/_ICON.md
https://qb64phoenix.com/qb64wiki/index.php/_INCLERRORFILE%24
Processed and saved: markdown_files/_INCLERRORFILE$.md
https://qb64phoenix.com/qb64wiki/index.php/_INCLERRORLINE
Processed and saved: markdown_files/_INCLERRORLINE.md
https://qb64phoenix.com/qb64wiki/index.php/_INTEGER64
Processed and saved: markdown_files/_INTEGER64.md
https://qb64phoenix.com/qb64wiki/index.php/_KEYCLEAR
Processed and saved: markdown_files/_KEYCLEAR.md
https://qb64phoenix.com/qb64wiki/index.php/_KEYDOWN
Processed and saved: markdown_files/_KEYDOWN.md
https://qb64phoenix.com/qb64wiki/index.php/_KEYHIT
Processed and saved: markdown_files/_KEYHIT.md
https://qb64phoenix.com/qb64wiki/index.php/_LASTAXIS
Processed and saved: markdown_files/_LASTAXIS.md
https://qb64phoenix.com/qb64wiki/index.php/_LASTBUTTON
Processed and saved: markdown_files/_LASTBUTTON.md
https://qb64phoenix.com/qb64wiki/index.php/_LASTWHEEL
Processed and saved: markdown_files/_LASTWHEEL.md
https://qb64phoenix.com/qb64wiki/index.php/_LIMIT
Processed and saved: markdown_files/_LIMIT.md
https://qb64phoenix.com/qb64wiki/index.php/_LOADFONT
Processed and saved: markdown_files/_LOADFONT.md
https://qb64phoenix.com/qb64wiki/index.php/_LOADIMAGE
Processed and saved: markdown_files/_LOADIMAGE.md
https://qb64phoenix.com/qb64wiki/index.php/_MAPTRIANGLE
Processed and saved: markdown_files/_MAPTRIANGLE.md
https://qb64phoenix.com/qb64wiki/index.php/_MAPUNICODE
Processed and saved: markdown_files/_MAPUNICODE.md
https://qb64phoenix.com/qb64wiki/index.php/_MEM
Processed and saved: markdown_files/_MEM.md
https://qb64phoenix.com/qb64wiki/index.php/_MEMCOPY
Processed and saved: markdown_files/_MEMCOPY.md
https://qb64phoenix.com/qb64wiki/index.php/_MEMELEMENT
Processed and saved: markdown_files/_MEMELEMENT.md
https://qb64phoenix.com/qb64wiki/index.php/_MEMEXISTS
Processed and saved: markdown_files/_MEMEXISTS.md
https://qb64phoenix.com/qb64wiki/index.php/_MEMFILL
Processed and saved: markdown_files/_MEMFILL.md
https://qb64phoenix.com/qb64wiki/index.php/_MEMFREE
Processed and saved: markdown_files/_MEMFREE.md
https://qb64phoenix.com/qb64wiki/index.php/_MEMGET
Processed and saved: markdown_files/_MEMGET.md
https://qb64phoenix.com/qb64wiki/index.php/_MEMIMAGE
Processed and saved: markdown_files/_MEMIMAGE.md
https://qb64phoenix.com/qb64wiki/index.php/_MEMSOUND
Processed and saved: markdown_files/_MEMSOUND.md
https://qb64phoenix.com/qb64wiki/index.php/_MEMNEW
Processed and saved: markdown_files/_MEMNEW.md
https://qb64phoenix.com/qb64wiki/index.php/_MEMPUT
Processed and saved: markdown_files/_MEMPUT.md
https://qb64phoenix.com/qb64wiki/index.php/_MIDDLE
Processed and saved: markdown_files/_MIDDLE.md
https://qb64phoenix.com/qb64wiki/index.php/_MK%24
Processed and saved: markdown_files/_MK$.md
https://qb64phoenix.com/qb64wiki/index.php/_MOUSEBUTTON
Processed and saved: markdown_files/_MOUSEBUTTON.md
https://qb64phoenix.com/qb64wiki/index.php/_MOUSEHIDE
Processed and saved: markdown_files/_MOUSEHIDE.md
https://qb64phoenix.com/qb64wiki/index.php/_MOUSEINPUT
Processed and saved: markdown_files/_MOUSEINPUT.md
https://qb64phoenix.com/qb64wiki/index.php/_MOUSEMOVE
Processed and saved: markdown_files/_MOUSEMOVE.md
https://qb64phoenix.com/qb64wiki/index.php/_MOUSEMOVEMENTX
Processed and saved: markdown_files/_MOUSEMOVEMENTX.md
https://qb64phoenix.com/qb64wiki/index.php/_MOUSEMOVEMENTY
Processed and saved: markdown_files/_MOUSEMOVEMENTY.md
https://qb64phoenix.com/qb64wiki/index.php/_MOUSEPIPEOPEN
Error fetching https://qb64phoenix.com/qb64wiki/index.php/_MOUSEPIPEOPEN: 404 Client Error: Not Found for url: https://qb64phoenix.com/qb64wiki/index.php/MOUSEPIPEOPEN
https://qb64phoenix.com/qb64wiki/index.php/_MOUSESHOW
Processed and saved: markdown_files/_MOUSESHOW.md
https://qb64phoenix.com/qb64wiki/index.php/_MOUSEWHEEL
Processed and saved: markdown_files/_MOUSEWHEEL.md
https://qb64phoenix.com/qb64wiki/index.php/_MOUSEX
Processed and saved: markdown_files/_MOUSEX.md
https://qb64phoenix.com/qb64wiki/index.php/_MOUSEY
Processed and saved: markdown_files/_MOUSEY.md
https://qb64phoenix.com/qb64wiki/index.php/_NEWIMAGE
Processed and saved: markdown_files/_NEWIMAGE.md
https://qb64phoenix.com/qb64wiki/index.php/_OFFSET
Processed and saved: markdown_files/_OFFSET.md
https://qb64phoenix.com/qb64wiki/index.php/_OPENCLIENT
Processed and saved: markdown_files/_OPENCLIENT.md
https://qb64phoenix.com/qb64wiki/index.php/_OPENCONNECTION
Processed and saved: markdown_files/_OPENCONNECTION.md
https://qb64phoenix.com/qb64wiki/index.php/_OPENHOST
Processed and saved: markdown_files/_OPENHOST.md
https://qb64phoenix.com/qb64wiki/index.php/_OS%24
Processed and saved: markdown_files/_OS$.md
https://qb64phoenix.com/qb64wiki/index.php/_PALETTECOLOR
Processed and saved: markdown_files/_PALETTECOLOR.md
https://qb64phoenix.com/qb64wiki/index.php/_PI
Processed and saved: markdown_files/_PI.md
https://qb64phoenix.com/qb64wiki/index.php/_PIXELSIZE
Processed and saved: markdown_files/_PIXELSIZE.md
https://qb64phoenix.com/qb64wiki/index.php/_PRESERVE
Processed and saved: markdown_files/_PRESERVE.md
https://qb64phoenix.com/qb64wiki/index.php/_PRINTIMAGE
Processed and saved: markdown_files/_PRINTIMAGE.md
https://qb64phoenix.com/qb64wiki/index.php/_PRINTMODE
Processed and saved: markdown_files/_PRINTMODE.md
https://qb64phoenix.com/qb64wiki/index.php/_PRINTSTRING
Processed and saved: markdown_files/_PRINTSTRING.md
https://qb64phoenix.com/qb64wiki/index.php/_PRINTWIDTH
Processed and saved: markdown_files/_PRINTWIDTH.md
https://qb64phoenix.com/qb64wiki/index.php/_PUTIMAGE
Processed and saved: markdown_files/_PUTIMAGE.md
https://qb64phoenix.com/qb64wiki/index.php/_R2D
Processed and saved: markdown_files/_R2D.md
https://qb64phoenix.com/qb64wiki/index.php/_R2G
Processed and saved: markdown_files/_R2G.md
https://qb64phoenix.com/qb64wiki/index.php/_RED
Processed and saved: markdown_files/_RED.md
https://qb64phoenix.com/qb64wiki/index.php/_RED32
Processed and saved: markdown_files/_RED32.md
https://qb64phoenix.com/qb64wiki/index.php/_RESIZE
Processed and saved: markdown_files/_RESIZE.md
https://qb64phoenix.com/qb64wiki/index.php/_RESIZEHEIGHT
Processed and saved: markdown_files/_RESIZEHEIGHT.md
https://qb64phoenix.com/qb64wiki/index.php/_RESIZEWIDTH
Processed and saved: markdown_files/_RESIZEWIDTH.md
https://qb64phoenix.com/qb64wiki/index.php/_RGB
Processed and saved: markdown_files/_RGB.md
https://qb64phoenix.com/qb64wiki/index.php/_RGB32
Processed and saved: markdown_files/_RGB32.md
https://qb64phoenix.com/qb64wiki/index.php/_RGBA
Processed and saved: markdown_files/_RGBA.md
https://qb64phoenix.com/qb64wiki/index.php/_RGBA32
Processed and saved: markdown_files/_RGBA32.md
https://qb64phoenix.com/qb64wiki/index.php/_ROUND
Processed and saved: markdown_files/_ROUND.md
https://qb64phoenix.com/qb64wiki/index.php/_SCREENCLICK
Processed and saved: markdown_files/_SCREENCLICK.md
https://qb64phoenix.com/qb64wiki/index.php/_SCREENEXISTS
Processed and saved: markdown_files/_SCREENEXISTS.md
https://qb64phoenix.com/qb64wiki/index.php/_SCREENHIDE
Processed and saved: markdown_files/_SCREENHIDE.md
https://qb64phoenix.com/qb64wiki/index.php/_SCREENICON
Processed and saved: markdown_files/_SCREENICON.md
https://qb64phoenix.com/qb64wiki/index.php/_SCREENIMAGE
Processed and saved: markdown_files/_SCREENIMAGE.md
https://qb64phoenix.com/qb64wiki/index.php/_SCREENMOVE
Processed and saved: markdown_files/_SCREENMOVE.md
https://qb64phoenix.com/qb64wiki/index.php/_SCREENPRINT
Processed and saved: markdown_files/_SCREENPRINT.md
https://qb64phoenix.com/qb64wiki/index.php/_SCREENSHOW
Processed and saved: markdown_files/_SCREENSHOW.md
https://qb64phoenix.com/qb64wiki/index.php/_SCREENX
Processed and saved: markdown_files/_SCREENX.md
https://qb64phoenix.com/qb64wiki/index.php/_SCREENY
Processed and saved: markdown_files/_SCREENY.md
https://qb64phoenix.com/qb64wiki/index.php/_SEC
Error fetching https://qb64phoenix.com/qb64wiki/index.php/_SEC: 404 Client Error: Not Found for url: https://qb64phoenix.com/qb64wiki/index.php/SEC
https://qb64phoenix.com/qb64wiki/index.php/_SECH
Error fetching https://qb64phoenix.com/qb64wiki/index.php/_SECH: 404 Client Error: Not Found for url: https://qb64phoenix.com/qb64wiki/index.php/SECH
https://qb64phoenix.com/qb64wiki/index.php/_SETALPHA
Processed and saved: markdown_files/_SETALPHA.md
https://qb64phoenix.com/qb64wiki/index.php/_SHELLHIDE
Processed and saved: markdown_files/_SHELLHIDE.md
https://qb64phoenix.com/qb64wiki/index.php/_SINH
Error fetching https://qb64phoenix.com/qb64wiki/index.php/_SINH: 404 Client Error: Not Found for url: https://qb64phoenix.com/qb64wiki/index.php/SINH
https://qb64phoenix.com/qb64wiki/index.php/_SNDBAL
Processed and saved: markdown_files/_SNDBAL.md
https://qb64phoenix.com/qb64wiki/index.php/_SNDCLOSE
Processed and saved: markdown_files/_SNDCLOSE.md
https://qb64phoenix.com/qb64wiki/index.php/_SNDCOPY
Processed and saved: markdown_files/_SNDCOPY.md
https://qb64phoenix.com/qb64wiki/index.php/_SNDGETPOS
Processed and saved: markdown_files/_SNDGETPOS.md
https://qb64phoenix.com/qb64wiki/index.php/_SNDLEN
Processed and saved: markdown_files/_SNDLEN.md
https://qb64phoenix.com/qb64wiki/index.php/_SNDLIMIT
Processed and saved: markdown_files/_SNDLIMIT.md
https://qb64phoenix.com/qb64wiki/index.php/_SNDLOOP
Processed and saved: markdown_files/_SNDLOOP.md
https://qb64phoenix.com/qb64wiki/index.php/_SNDOPEN
Processed and saved: markdown_files/_SNDOPEN.md
https://qb64phoenix.com/qb64wiki/index.php/_SNDOPENRAW
Processed and saved: markdown_files/_SNDOPENRAW.md
https://qb64phoenix.com/qb64wiki/index.php/_SNDPAUSE
Processed and saved: markdown_files/_SNDPAUSE.md
https://qb64phoenix.com/qb64wiki/index.php/_SNDPAUSED
Processed and saved: markdown_files/_SNDPAUSED.md
https://qb64phoenix.com/qb64wiki/index.php/_SNDPLAY
Processed and saved: markdown_files/_SNDPLAY.md
https://qb64phoenix.com/qb64wiki/index.php/_SNDPLAYCOPY
Processed and saved: markdown_files/_SNDPLAYCOPY.md
https://qb64phoenix.com/qb64wiki/index.php/_SNDPLAYFILE
Processed and saved: markdown_files/_SNDPLAYFILE.md
https://qb64phoenix.com/qb64wiki/index.php/_SNDPLAYING
Processed and saved: markdown_files/_SNDPLAYING.md
https://qb64phoenix.com/qb64wiki/index.php/_SNDRATE
Processed and saved: markdown_files/_SNDRATE.md
https://qb64phoenix.com/qb64wiki/index.php/_SNDRAW
Processed and saved: markdown_files/_SNDRAW.md
https://qb64phoenix.com/qb64wiki/index.php/_SNDRAWDONE
Processed and saved: markdown_files/_SNDRAWDONE.md
https://qb64phoenix.com/qb64wiki/index.php/_SNDRAWLEN
Processed and saved: markdown_files/_SNDRAWLEN.md
https://qb64phoenix.com/qb64wiki/index.php/_SNDSETPOS
Processed and saved: markdown_files/_SNDSETPOS.md
https://qb64phoenix.com/qb64wiki/index.php/_SNDSTOP
Processed and saved: markdown_files/_SNDSTOP.md
https://qb64phoenix.com/qb64wiki/index.php/_SNDVOL
Processed and saved: markdown_files/_SNDVOL.md
https://qb64phoenix.com/qb64wiki/index.php/_SOURCE
Processed and saved: markdown_files/_SOURCE.md
https://qb64phoenix.com/qb64wiki/index.php/_STARTDIR%24
Processed and saved: markdown_files/_STARTDIR$.md
https://qb64phoenix.com/qb64wiki/index.php/_STRCMP
Processed and saved: markdown_files/_STRCMP.md
https://qb64phoenix.com/qb64wiki/index.php/_STRICMP
Processed and saved: markdown_files/_STRICMP.md
https://qb64phoenix.com/qb64wiki/index.php/_TANH
Error fetching https://qb64phoenix.com/qb64wiki/index.php/_TANH: 404 Client Error: Not Found for url: https://qb64phoenix.com/qb64wiki/index.php/TANH
https://qb64phoenix.com/qb64wiki/index.php/_TITLE
Processed and saved: markdown_files/_TITLE.md
https://qb64phoenix.com/qb64wiki/index.php/_TITLE%24
Processed and saved: markdown_files/_TITLE$.md
https://qb64phoenix.com/qb64wiki/index.php/_UNSIGNED
Processed and saved: markdown_files/_UNSIGNED.md
https://qb64phoenix.com/qb64wiki/index.php/_WHEEL
Processed and saved: markdown_files/_WHEEL.md
https://qb64phoenix.com/qb64wiki/index.php/_WIDTH
Processed and saved: markdown_files/_WIDTH.md
https://qb64phoenix.com/qb64wiki/index.php/_WINDOWHANDLE
Processed and saved: markdown_files/_WINDOWHANDLE.md
https://qb64phoenix.com/qb64wiki/index.php/_WINDOWHASFOCUS
Processed and saved: markdown_files/_WINDOWHASFOCUS.md
https://qb64phoenix.com/qb64wiki/index.php/SMOOTH
Processed and saved: markdown_files/SMOOTH.md
https://qb64phoenix.com/qb64wiki/index.php/STRETCH
Processed and saved: markdown_files/STRETCH.md
https://qb64phoenix.com/qb64wiki/index.php/_ANTICLOCKWISE
Error fetching https://qb64phoenix.com/qb64wiki/index.php/_ANTICLOCKWISE: 404 Client Error: Not Found for url: https://qb64phoenix.com/qb64wiki/index.php/ANTICLOCKWISE
https://qb64phoenix.com/qb64wiki/index.php/_BEHIND
Error fetching https://qb64phoenix.com/qb64wiki/index.php/_BEHIND: 404 Client Error: Not Found for url: https://qb64phoenix.com/qb64wiki/index.php/BEHIND
https://qb64phoenix.com/qb64wiki/index.php/_CLEAR
Processed and saved: markdown_files/_CLEAR.md
https://qb64phoenix.com/qb64wiki/index.php/_FILLBACKGROUND
Processed and saved: markdown_files/_FILLBACKGROUND.md
_glUPERsPECTivE
https://qb64phoenix.com/qb64wiki/index.php/_glUPERsPECTivE
Error fetching https://qb64phoenix.com/qb64wiki/index.php/_glUPERsPECTivE: 404 Client Error: Not Found for url: https://qb64phoenix.com/qb64wiki/index.php/GlUPERsPECTivE
https://qb64phoenix.com/qb64wiki/index.php/_HARDWARE
Error fetching https://qb64phoenix.com/qb64wiki/index.php/_HARDWARE: 404 Client Error: Not Found for url: https://qb64phoenix.com/qb64wiki/index.php/HARDWARE
https://qb64phoenix.com/qb64wiki/index.php/_HARDWARE1
Error fetching https://qb64phoenix.com/qb64wiki/index.php/_HARDWARE1: 404 Client Error: Not Found for url: https://qb64phoenix.com/qb64wiki/index.php/HARDWARE1
https://qb64phoenix.com/qb64wiki/index.php/_KEEPBACKGROUND
Processed and saved: markdown_files/_KEEPBACKGROUND.md
https://qb64phoenix.com/qb64wiki/index.php/_NONE
Error fetching https://qb64phoenix.com/qb64wiki/index.php/_NONE: 404 Client Error: Not Found for url: https://qb64phoenix.com/qb64wiki/index.php/NONE
https://qb64phoenix.com/qb64wiki/index.php/_OFF
Processed and saved: markdown_files/_OFF.md
https://qb64phoenix.com/qb64wiki/index.php/_ONLY
Processed and saved: markdown_files/_ONLY.md
https://qb64phoenix.com/qb64wiki/index.php/_ONLYBACKGROUND
Processed and saved: markdown_files/_ONLYBACKGROUND.md
https://qb64phoenix.com/qb64wiki/index.php/_ONTOP
Error fetching https://qb64phoenix.com/qb64wiki/index.php/_ONTOP: 404 Client Error: Not Found for url: https://qb64phoenix.com/qb64wiki/index.php/ONTOP
https://qb64phoenix.com/qb64wiki/index.php/_SEAMLESS
Error fetching https://qb64phoenix.com/qb64wiki/index.php/_SEAMLESS: 404 Client Error: Not Found for url: https://qb64phoenix.com/qb64wiki/index.php/SEAMLESS
https://qb64phoenix.com/qb64wiki/index.php/_SMOOTH
Processed and saved: markdown_files/_SMOOTH.md
https://qb64phoenix.com/qb64wiki/index.php/_SMOOTHSHRUNK
Error fetching https://qb64phoenix.com/qb64wiki/index.php/_SMOOTHSHRUNK: 404 Client Error: Not Found for url: https://qb64phoenix.com/qb64wiki/index.php/SMOOTHSHRUNK
https://qb64phoenix.com/qb64wiki/index.php/_SMOOTHSTRETCHED
Error fetching https://qb64phoenix.com/qb64wiki/index.php/_SMOOTHSTRETCHED: 404 Client Error: Not Found for url: https://qb64phoenix.com/qb64wiki/index.php/SMOOTHSTRETCHED
https://qb64phoenix.com/qb64wiki/index.php/_SOFTWARE
Error fetching https://qb64phoenix.com/qb64wiki/index.php/_SOFTWARE: 404 Client Error: Not Found for url: https://qb64phoenix.com/qb64wiki/index.php/SOFTWARE
https://qb64phoenix.com/qb64wiki/index.php/_SQUAREPIXELS
Processed and saved: markdown_files/_SQUAREPIXELS.md
https://qb64phoenix.com/qb64wiki/index.php/_STRETCH
Processed and saved: markdown_files/_STRETCH.md
https://qb64phoenix.com/qb64wiki/index.php/_ALLOWFULLSCREEN
Processed and saved: markdown_files/_ALLOWFULLSCREEN.md
https://qb64phoenix.com/qb64wiki/index.php/_ALL
Processed and saved: markdown_files/_ALL.md
https://qb64phoenix.com/qb64wiki/index.php/_ECHO
Processed and saved: markdown_files/_ECHO.md
https://qb64phoenix.com/qb64wiki/index.php/_READFILE%24
Processed and saved: markdown_files/_READFILE$.md
https://qb64phoenix.com/qb64wiki/index.php/_WRITEFILE
Processed and saved: markdown_files/_WRITEFILE.md
https://qb64phoenix.com/qb64wiki/index.php/_INSTRREV
Processed and saved: markdown_files/_INSTRREV.md
https://qb64phoenix.com/qb64wiki/index.php/_TRIM%24
Processed and saved: markdown_files/_TRIM$.md
https://qb64phoenix.com/qb64wiki/index.php/_ACCEPTFILEDROP
Processed and saved: markdown_files/_ACCEPTFILEDROP.md
https://qb64phoenix.com/qb64wiki/index.php/_FINISHDROP
Processed and saved: markdown_files/_FINISHDROP.md
https://qb64phoenix.com/qb64wiki/index.php/_TOTALDROPPEDFILES
Processed and saved: markdown_files/_TOTALDROPPEDFILES.md
https://qb64phoenix.com/qb64wiki/index.php/_DROPPEDFILE
Processed and saved: markdown_files/_DROPPEDFILE.md
https://qb64phoenix.com/qb64wiki/index.php/_DROPPEDFILE%24
Processed and saved: markdown_files/_DROPPEDFILE$.md
https://qb64phoenix.com/qb64wiki/index.php/_SHR
Processed and saved: markdown_files/_SHR.md
https://qb64phoenix.com/qb64wiki/index.php/_SHL
Processed and saved: markdown_files/_SHL.md
https://qb64phoenix.com/qb64wiki/index.php/_ROR
Processed and saved: markdown_files/_ROR.md
https://qb64phoenix.com/qb64wiki/index.php/_ROL
Processed and saved: markdown_files/_ROL.md
https://qb64phoenix.com/qb64wiki/index.php/_ADLER32
Processed and saved: markdown_files/_ADLER32.md
https://qb64phoenix.com/qb64wiki/index.php/_CRC32
Processed and saved: markdown_files/_CRC32.md
https://qb64phoenix.com/qb64wiki/index.php/_MD5%24
Processed and saved: markdown_files/_MD5$.md
https://qb64phoenix.com/qb64wiki/index.php/_DEFLATE%24
Processed and saved: markdown_files/_DEFLATE$.md
https://qb64phoenix.com/qb64wiki/index.php/_INFLATE%24
Processed and saved: markdown_files/_INFLATE$.md
https://qb64phoenix.com/qb64wiki/index.php/_READBIT
Processed and saved: markdown_files/_READBIT.md
https://qb64phoenix.com/qb64wiki/index.php/_RESETBIT
Processed and saved: markdown_files/_RESETBIT.md
https://qb64phoenix.com/qb64wiki/index.php/_SETBIT
Processed and saved: markdown_files/_SETBIT.md
https://qb64phoenix.com/qb64wiki/index.php/_TOGGLEBIT
Processed and saved: markdown_files/_TOGGLEBIT.md
https://qb64phoenix.com/qb64wiki/index.php/%24INCLUDEONCE
Processed and saved: markdown_files/$INCLUDEONCE.md
https://qb64phoenix.com/qb64wiki/index.php/%24ASSERTS
Processed and saved: markdown_files/$ASSERTS.md
https://qb64phoenix.com/qb64wiki/index.php/CONSOLE
Processed and saved: markdown_files/CONSOLE.md
https://qb64phoenix.com/qb64wiki/index.php/_ASSERT
Processed and saved: markdown_files/_ASSERT.md
https://qb64phoenix.com/qb64wiki/index.php/_CAPSLOCK
Processed and saved: markdown_files/_CAPSLOCK.md
https://qb64phoenix.com/qb64wiki/index.php/_NUMLOCK
Processed and saved: markdown_files/_NUMLOCK.md
https://qb64phoenix.com/qb64wiki/index.php/_SCROLLLOCK
Processed and saved: markdown_files/_SCROLLLOCK.md
https://qb64phoenix.com/qb64wiki/index.php/_TOGGLE
Error fetching https://qb64phoenix.com/qb64wiki/index.php/_TOGGLE: 404 Client Error: Not Found for url: https://qb64phoenix.com/qb64wiki/index.php/TOGGLE
https://qb64phoenix.com/qb64wiki/index.php/_CONSOLEFONT
Error fetching https://qb64phoenix.com/qb64wiki/index.php/_CONSOLEFONT: 404 Client Error: Not Found for url: https://qb64phoenix.com/qb64wiki/index.php/CONSOLEFONT
https://qb64phoenix.com/qb64wiki/index.php/_CONSOLECURSOR
Error fetching https://qb64phoenix.com/qb64wiki/index.php/_CONSOLECURSOR: 404 Client Error: Not Found for url: https://qb64phoenix.com/qb64wiki/index.php/CONSOLECURSOR
https://qb64phoenix.com/qb64wiki/index.php/_CONSOLEINPUT
Processed and saved: markdown_files/_CONSOLEINPUT.md
https://qb64phoenix.com/qb64wiki/index.php/_CINP
Processed and saved: markdown_files/_CINP.md
https://qb64phoenix.com/qb64wiki/index.php/%24NOPREFIX
Processed and saved: markdown_files/$NOPREFIX.md
https://qb64phoenix.com/qb64wiki/index.php/%24COLOR
Processed and saved: markdown_files/$COLOR.md
https://qb64phoenix.com/qb64wiki/index.php/%24DEBUG
Processed and saved: markdown_files/$DEBUG.md
https://qb64phoenix.com/qb64wiki/index.php/%24EMBED
Processed and saved: markdown_files/$EMBED.md
https://qb64phoenix.com/qb64wiki/index.php/_EMBEDDED%24
Processed and saved: markdown_files/_EMBEDDED$.md
https://qb64phoenix.com/qb64wiki/index.php/_ENVIRONCOUNT
Processed and saved: markdown_files/_ENVIRONCOUNT.md
https://qb64phoenix.com/qb64wiki/index.php/%24UNSTABLE
Processed and saved: markdown_files/$UNSTABLE.md
https://qb64phoenix.com/qb64wiki/index.php/%24MIDISOUNDFONT
Processed and saved: markdown_files/$MIDISOUNDFONT.md
https://qb64phoenix.com/qb64wiki/index.php/_NOTIFYPOPUP
Processed and saved: markdown_files/_NOTIFYPOPUP.md
https://qb64phoenix.com/qb64wiki/index.php/_MESSAGEBOX
Processed and saved: markdown_files/_MESSAGEBOX.md
https://qb64phoenix.com/qb64wiki/index.php/_INPUTBOX%24
Processed and saved: markdown_files/_INPUTBOX$.md
https://qb64phoenix.com/qb64wiki/index.php/_SELECTFOLDERDIALOG%24
Processed and saved: markdown_files/_SELECTFOLDERDIALOG$.md
https://qb64phoenix.com/qb64wiki/index.php/_COLORCHOOSERDIALOG
Processed and saved: markdown_files/_COLORCHOOSERDIALOG.md
https://qb64phoenix.com/qb64wiki/index.php/_OPENFILEDIALOG%24
Processed and saved: markdown_files/_OPENFILEDIALOG$.md
https://qb64phoenix.com/qb64wiki/index.php/_SAVEFILEDIALOG%24
Processed and saved: markdown_files/_SAVEFILEDIALOG$.md
https://qb64phoenix.com/qb64wiki/index.php/_SAVEIMAGE
Processed and saved: markdown_files/_SAVEIMAGE.md
https://qb64phoenix.com/qb64wiki/index.php/_FILES%24
Processed and saved: markdown_files/_FILES$.md
https://qb64phoenix.com/qb64wiki/index.php/_FULLPATH%24
Processed and saved: markdown_files/_FULLPATH$.md
https://qb64phoenix.com/qb64wiki/index.php/_NEGATE
Processed and saved: markdown_files/_NEGATE.md
https://qb64phoenix.com/qb64wiki/index.php/_ANDALSO
Processed and saved: markdown_files/_ANDALSO.md
https://qb64phoenix.com/qb64wiki/index.php/_ORELSE
Processed and saved: markdown_files/_ORELSE.md
https://qb64phoenix.com/qb64wiki/index.php/_STATUSCODE
Processed and saved: markdown_files/_STATUSCODE.md
https://qb64phoenix.com/qb64wiki/index.php/_SNDNEW
Processed and saved: markdown_files/_SNDNEW.md
https://qb64phoenix.com/qb64wiki/index.php/_SCALEDWIDTH
Error fetching https://qb64phoenix.com/qb64wiki/index.php/_SCALEDWIDTH: 404 Client Error: Not Found for url: https://qb64phoenix.com/qb64wiki/index.php/SCALEDWIDTH
https://qb64phoenix.com/qb64wiki/index.php/_SCALEDHEIGHT
Error fetching https://qb64phoenix.com/qb64wiki/index.php/_SCALEDHEIGHT: 404 Client Error: Not Found for url: https://qb64phoenix.com/qb64wiki/index.php/SCALEDHEIGHT
https://qb64phoenix.com/qb64wiki/index.php/_UFONTHEIGHT
Processed and saved: markdown_files/_UFONTHEIGHT.md
https://qb64phoenix.com/qb64wiki/index.php/_UPRINTWIDTH
Processed and saved: markdown_files/_UPRINTWIDTH.md
https://qb64phoenix.com/qb64wiki/index.php/_ULINESPACING
Processed and saved: markdown_files/_ULINESPACING.md
https://qb64phoenix.com/qb64wiki/index.php/_UPRINTSTRING
Processed and saved: markdown_files/_UPRINTSTRING.md
https://qb64phoenix.com/qb64wiki/index.php/_UCHARPOS
Processed and saved: markdown_files/_UCHARPOS.md
https://qb64phoenix.com/qb64wiki/index.php/_MIDISOUNDBANK
Error fetching https://qb64phoenix.com/qb64wiki/index.php/_MIDISOUNDBANK: 404 Client Error: Not Found for url: https://qb64phoenix.com/qb64wiki/index.php/MIDISOUNDBANK
